#
# A fatal error has been detected by the Java Runtime Environment:
#
#  Internal Error (jvmciRuntime.cpp:1609), pid=47, tid=62
#  fatal error: Fatal exception in JVMCI: Error calling jdk.vm.ci.services.Services.serializeSavedProperties
#
# JRE version: OpenJDK Runtime Environment GraalVM CE 22.3.0 (17.0.5+8) (build 17.0.5+8-jvmci-22.3-b08)
# Java VM: OpenJDK 64-Bit Server VM GraalVM CE 22.3.0 (17.0.5+8-jvmci-22.3-b08, mixed mode, sharing, tiered, jvmci, jvmci compiler, compressed oops, compressed class ptrs, parallel gc, linux-amd64)
# Problematic frame:
# V  [libjvm.so+0x972714]  JVMCIRuntime::fatal_exception(JVMCIEnv*, char const*)+0x74
#
# Core dump will be written. Default location: Core dumps may be processed with "/usr/share/apport/apport -p%p -s%s -c%c -d%d -P%P -u%u -g%g -- %E" (or dumping to /home/runner/Mr-Denning/core.47)
#
# If you would like to submit a bug report, please visit:
#   https://github.com/oracle/graal/issues
#

---------------  S U M M A R Y ------------

Command Line: -XX:ThreadPriorityPolicy=1 -XX:+UnlockExperimentalVMOptions -XX:+EnableJVMCIProduct -XX:JVMCIThreadsPerNativeLibraryRuntime=1 -XX:-UnlockExperimentalVMOptions -Declipse.application=org.eclipse.jdt.ls.core.id1 -Dosgi.bundles.defaultStartLevel=4 -Declipse.product=org.eclipse.jdt.ls.core.product -Dlog.level=ALL -Xverify:none -XX:+UseParallelGC -XX:GCTimeRatio=4 -XX:AdaptiveSizePolicyWeight=90 -Dsun.zip.disableMemoryMapping=true -Xmx512m -Xms100m /nix/store/m6gcpi1ii6rghy04cjwjddcavv7i90df-jdt-language-server-1.9.0/share/java/plugins/org.eclipse.equinox.launcher_1.6.400.v20210924-0641.jar --add-modules=ALL-SYSTEM --add-opens java.base/java.util=ALL-UNNAMED --add-opens java.base/java.lang=ALL-UNNAMED -configuration /home/runner/.cache/jdt-language-server/config -data /home/runner/.cache/jdt-language-server/data/home/runner/Mr-Denning

Host: Intel(R) Xeon(R) CPU @ 2.20GHz, 8 cores, 1G, Ubuntu 20.04.2 LTS
Time: Sun Aug 27 16:03:38 2023 UTC elapsed time: 358.333226 seconds (0d 0h 5m 58s)

---------------  T H R E A D  ---------------

Current thread (0x00007fd7780b2100):  JavaThread "JVMCI-native CompilerThread0" daemon [_thread_in_vm, id=62, stack(0x00007fd75d41a000,0x00007fd75d61a000)]


Current CompileTask:
JVMCI-native: 358333 9493       4       org.eclipse.core.runtime.jobs.Job::getState (5 bytes)

Stack: [0x00007fd75d41a000,0x00007fd75d61a000],  sp=0x00007fd75d618380,  free space=2040k
Native frames: (J=compiled Java code, j=interpreted, Vv=VM code, C=native code)
V  [libjvm.so+0x972714]  JVMCIRuntime::fatal_exception(JVMCIEnv*, char const*)+0x74
V  [libjvm.so+0x93e2fe]  JVMCIEnv::copy_saved_properties()+0x14e
V  [libjvm.so+0x9732a9]  JVMCIRuntime::initialize(JVMCIEnv*)+0xb19
V  [libjvm.so+0x9738a2]  JVMCIRuntime::get_HotSpotJVMCIRuntime(JVMCIEnv*)+0x12
V  [libjvm.so+0x9749f2]  JVMCIRuntime::compile_method(JVMCIEnv*, JVMCICompiler*, methodHandle const&, int)+0xd2
V  [libjvm.so+0x5b0d20]  CompileBroker::invoke_compiler_on_method(CompileTask*)+0x1470
V  [libjvm.so+0x5b12e8]  CompileBroker::compiler_thread_loop()+0x528
V  [libjvm.so+0xd82460]  JavaThread::thread_main_inner()+0xd0
V  [libjvm.so+0xd85a40]  Thread::call_run()+0xc0
V  [libjvm.so+0xbdb1e1]  thread_native_entry(Thread*)+0xe1

Register to memory mapping:

RAX=0x00007fd77d16e000 points into unknown readable memory: 0x0000000000000058 | 58 00 00 00 00 00 00 00
RBX=0x00007fd77e269398: <offset 0x0000000000ef5398> in /nix/store/gpxl5qgg8kicmcvivwmybwjlpf7wh20l-graalvm17-ce-22.3.0/lib/server/libjvm.so at 0x00007fd77d374000
RCX=0x00007fd77e2211e8: <offset 0x0000000000ead1e8> in /nix/store/gpxl5qgg8kicmcvivwmybwjlpf7wh20l-graalvm17-ce-22.3.0/lib/server/libjvm.so at 0x00007fd77d374000
RDX=0x0000000000000649 is an unknown value
RSP=0x00007fd75d618380 is pointing into the stack for thread: 0x00007fd7780b2100
RBP=0x00007fd75d6183a0 is pointing into the stack for thread: 0x00007fd7780b2100
RSI=0x00007fd77e269c48: <offset 0x0000000000ef5c48> in /nix/store/gpxl5qgg8kicmcvivwmybwjlpf7wh20l-graalvm17-ce-22.3.0/lib/server/libjvm.so at 0x00007fd77d374000
RDI=0x00000000e0000000 is an oop: java.lang.String 
{0x00000000e0000000} - klass: 'java/lang/String'
 - string: "resolution"
R8 =0x00007fd77e269398: <offset 0x0000000000ef5398> in /nix/store/gpxl5qgg8kicmcvivwmybwjlpf7wh20l-graalvm17-ce-22.3.0/lib/server/libjvm.so at 0x00007fd77d374000
R9 =0x0000000000000003 is an unknown value
R10=0x00007fd77e5bada0: <offset 0x0000000001246da0> in /nix/store/gpxl5qgg8kicmcvivwmybwjlpf7wh20l-graalvm17-ce-22.3.0/lib/server/libjvm.so at 0x00007fd77d374000
R11=0x000000080044f048 is pointing into metadata
R12=0x0 is NULL
R13=0x00007fd7780b2100 is a thread
R14=0x00007fd778000b80 points into unknown readable memory: 0x00007fd77e49aa38 | 38 aa 49 7e d7 7f 00 00
R15=0x00007fd77e5a8e40: <offset 0x0000000001234e40> in /nix/store/gpxl5qgg8kicmcvivwmybwjlpf7wh20l-graalvm17-ce-22.3.0/lib/server/libjvm.so at 0x00007fd77d374000


Registers:
RAX=0x00007fd77d16e000, RBX=0x00007fd77e269398, RCX=0x00007fd77e2211e8, RDX=0x0000000000000649
RSP=0x00007fd75d618380, RBP=0x00007fd75d6183a0, RSI=0x00007fd77e269c48, RDI=0x00000000e0000000
R8 =0x00007fd77e269398, R9 =0x0000000000000003, R10=0x00007fd77e5bada0, R11=0x000000080044f048
R12=0x0000000000000000, R13=0x00007fd7780b2100, R14=0x00007fd778000b80, R15=0x00007fd77e5a8e40
RIP=0x00007fd77dce6714, EFLAGS=0x0000000000010206, CSGSFS=0x002b000000000033, ERR=0x0000000000000006
  TRAPNO=0x000000000000000e

Top of Stack: (sp=0x00007fd75d618380)
0x00007fd75d618380:   00007fd75d618940 00007fd7780b2100
0x00007fd75d618390:   00007fd77caff8c8 0000000800c417a0
0x00007fd75d6183a0:   00007fd75d618500 00007fd77dcb22fe
0x00007fd75d6183b0:   00007fd75d6183e0 00007fd75d618440 

Instructions: (pc=0x00007fd77dce6714)
0x00007fd77dce6614:   30 e8 f6 cf e8 ff 4c 89 e7 e8 2e 48 d1 ff 84 db
0x00007fd77dce6624:   75 2a 4d 85 ed 74 04 4d 8b 6d 00 48 83 c4 08 44
0x00007fd77dce6634:   89 f9 4c 89 f2 4c 89 ee 5b 4c 89 e7 41 5c 41 5d
0x00007fd77dce6644:   41 5e 41 5f 5d e9 e2 47 d1 ff 66 90 48 83 c4 08
0x00007fd77dce6654:   5b 41 5c 41 5d 41 5e 41 5f 5d c3 90 31 d2 be 08
0x00007fd77dce6664:   00 00 00 4c 89 ff e8 b1 78 a3 ff 49 89 c5 e9 37
0x00007fd77dce6674:   ff ff ff 66 0f 1f 84 00 00 00 00 00 48 8b 7a 08
0x00007fd77dce6684:   e9 6d ff ff ff 0f 1f 80 00 00 00 00 e8 5b 48 0a
0x00007fd77dce6694:   00 84 c0 75 89 e9 6a ff ff ff 66 90 55 48 89 e5
0x00007fd77dce66a4:   41 56 41 55 41 54 49 89 fc 53 48 89 f3 66 48 8d
0x00007fd77dce66b4:   3d 27 5e 85 00 66 66 48 e8 df 43 8d ff 4c 8b 28
0x00007fd77dce66c4:   8b 05 be 72 8a 00 85 c0 75 14 ba 01 00 00 00 48
0x00007fd77dce66d4:   8d 0d ae 72 8a 00 f0 0f b1 11 85 c0 74 4e be c8
0x00007fd77dce66e4:   00 00 00 4c 89 ef e8 01 0b 41 00 48 8d 05 12 ac
0x00007fd77dce66f4:   85 00 49 89 d8 48 8d 0d e8 aa 53 00 ba 49 06 00
0x00007fd77dce6704:   00 48 8d 35 3c 35 58 00 bf 00 00 00 e0 48 8b 00
0x00007fd77dce6714:   c6 00 58 31 c0 e8 e2 91 c6 ff 5b 41 5c 41 5d 41
0x00007fd77dce6724:   5e 5d e9 55 34 26 00 0f 1f 44 00 00 48 8d 05 81
0x00007fd77dce6734:   a3 8b 00 48 89 df 4c 8b 30 e8 9e 43 8d ff 48 89
0x00007fd77dce6744:   de 48 89 c2 49 8b 06 4c 89 f7 ff 50 08 4c 89 f7
0x00007fd77dce6754:   e8 a7 5c 27 00 4d 85 e4 74 12 be 01 00 00 00 4c
0x00007fd77dce6764:   89 e7 e8 35 43 fc ff eb 82 0f 1f 00 be 01 00 00
0x00007fd77dce6774:   00 4c 89 ef e8 d3 fd ff ff e9 6d ff ff ff 66 66
0x00007fd77dce6784:   2e 0f 1f 84 00 00 00 00 00 0f 1f 00 55 48 89 e5
0x00007fd77dce6794:   41 57 41 56 41 55 41 54 53 48 81 ec 08 02 00 00
0x00007fd77dce67a4:   64 48 8b 04 25 28 00 00 00 48 89 45 c8 8b 07 83
0x00007fd77dce67b4:   f8 02 0f 84 11 04 00 00 4c 8b 6f 18 49 89 ff 49
0x00007fd77dce67c4:   89 f4 4d 85 ed 74 14 4c 89 ef e8 5d 57 22 00 41
0x00007fd77dce67d4:   8b 07 83 f8 02 0f 84 19 04 00 00 48 8d 1d 9a 06
0x00007fd77dce67e4:   8a 00 4c 8d 35 0b 3c 58 00 eb 38 90 48 85 d2 7f
0x00007fd77dce67f4:   0d 48 8d 05 b4 c0 85 00 48 83 38 00 7e 0e 41 8b
0x00007fd77dce6804:   77 2c 4c 89 f7 31 c0 e8 a0 b2 f7 ff 49 8b 7f 18 


Stack slot to memory mapping:
stack at sp + 0 slots: 0x00007fd75d618940 is pointing into the stack for thread: 0x00007fd7780b2100
stack at sp + 1 slots: 0x00007fd7780b2100 is a thread
stack at sp + 2 slots: 0x00007fd77caff8c8 points into unknown readable memory: 0x65730018052dffff | ff ff 2d 05 18 00 73 65
stack at sp + 3 slots: 0x0000000800c417a0 is a pointer to class: 
jdk.vm.ci.services.Services {0x0000000800c417a0}
 - instance size:     2
 - klass size:        65
 - access:            public final synchronized 
 - state:             fully_initialized
 - name:              'jdk/vm/ci/services/Services'
 - super:             'java/lang/Object'
 - sub:               
 - arrays:            NULL
 - methods:           Array<T>(0x00007fd75dc42938)
 - method ordering:   Array<T>(0x0000000800928960)
 - default_methods:   Array<T>(0x0000000000000000)
 - local interfaces:  Array<T>(0x00000008005ce810)
 - trans. interfaces: Array<T>(0x00000008005ce810)
 - constants:         constant pool [427] {0x00007fd75dc41a18} for 'jdk/vm/ci/services/Services' cache=0x00007fd75dc43dc8
 - class loader data:  loader data: 0x00007fd7780283f0 of 'bootstrap'
 - source file:       'Services.java'
 - class annotations:       Array<T>(0x0000000000000000)
 - class type annotations:  Array<T>(0x0000000000000000)
 - field annotations:       Array<T>(0x0000000000000000)
 - field type annotations:  Array<T>(0x0000000000000000)
 - inner classes:     Array<T>(0x00007fd75dc43bd8)
 - nest members:     Array<T>(0x00007fd75dc43bf8)
 - permitted subclasses:     Array<T>(0x00000008005ce7a0)
 - java mirror:       a 'java/lang/Class'{0x00000000e0149f10} = 'jdk/vm/ci/services/Services'
 - vtable length      5  (start addr: 0x0000000800c41970)
 - itable length      2 (start addr: 0x0000000800c41998)
 - ---- static fields (3 words):
 - public static final 'IS_BUILDING_NATIVE_IMAGE' 'Z' @128 
 - public static final 'IS_IN_NATIVE_IMAGE' 'Z' @129 
 - private static volatile 'savedProperties' 'Ljava/util/Map;' @112 
 - static final 'JVMCI_ENABLED' 'Z' @130 
 - private static final 'servicesCache' 'Ljava/util/Map;' @116 
 - private static final 'MAX_UNICODE_IN_UTF8_LENGTH' 'I' @120 
 - private static final 'MAX_UTF8_PROPERTY_STRING_LENGTH' 'I' @124 
 - ---- non-static fields (0 words):
 - non-static oop maps: 
stack at sp + 4 slots: 0x00007fd75d618500 is pointing into the stack for thread: 0x00007fd7780b2100
stack at sp + 5 slots: 0x00007fd77dcb22fe: <offset 0x000000000093e2fe> in /nix/store/gpxl5qgg8kicmcvivwmybwjlpf7wh20l-graalvm17-ce-22.3.0/lib/server/libjvm.so at 0x00007fd77d374000
stack at sp + 6 slots: 0x00007fd75d6183e0 is pointing into the stack for thread: 0x00007fd7780b2100
stack at sp + 7 slots: 0x00007fd75d618440 is pointing into the stack for thread: 0x00007fd7780b2100


---------------  P R O C E S S  ---------------

Threads class SMR info:
_java_thread_list=0x00007fd6ac000b70, length=26, elements={
0x00007fd778026690, 0x00007fd7780a6400, 0x00007fd7780a7840, 0x00007fd7780adf70,
0x00007fd7780af320, 0x00007fd7780b0710, 0x00007fd7780b2100, 0x00007fd7780b3610,
0x00007fd7780b4670, 0x00007fd7780d7380, 0x00007fd77811fbf0, 0x00007fd77832b570,
0x00007fd77835e400, 0x00007fd778360de0, 0x00007fd7781febd0, 0x00007fd70c01a7e0,
0x00007fd70c2a2b90, 0x00007fd70c482970, 0x00007fd70c5ed5c0, 0x00007fd6f40074f0,
0x00007fd7784c4990, 0x00007fd7783cc000, 0x00007fd6dc000ff0, 0x00007fd6dc433310,
0x00007fd6dc433b00, 0x00007fd6d4003c40
}

Java Threads: ( => current thread )
  0x00007fd778026690 JavaThread "main" [_thread_blocked, id=54, stack(0x00007fd77d18f000,0x00007fd77d28f000)]
  0x00007fd7780a6400 JavaThread "Reference Handler" daemon [_thread_blocked, id=57, stack(0x00007fd77c1a6000,0x00007fd77c2a6000)]
  0x00007fd7780a7840 JavaThread "Finalizer" daemon [_thread_blocked, id=58, stack(0x00007fd77c0a6000,0x00007fd77c1a6000)]
  0x00007fd7780adf70 JavaThread "Signal Dispatcher" daemon [_thread_blocked, id=59, stack(0x00007fd75d81a000,0x00007fd75d91a000)]
  0x00007fd7780af320 JavaThread "Service Thread" daemon [_thread_blocked, id=60, stack(0x00007fd75d71a000,0x00007fd75d81a000)]
  0x00007fd7780b0710 JavaThread "Monitor Deflation Thread" daemon [_thread_blocked, id=61, stack(0x00007fd75d61a000,0x00007fd75d71a000)]
=>0x00007fd7780b2100 JavaThread "JVMCI-native CompilerThread0" daemon [_thread_in_vm, id=62, stack(0x00007fd75d41a000,0x00007fd75d61a000)]
  0x00007fd7780b3610 JavaThread "C1 CompilerThread0" daemon [_thread_blocked, id=63, stack(0x00007fd75d21a000,0x00007fd75d41a000)]
  0x00007fd7780b4670 JavaThread "Sweeper thread" daemon [_thread_blocked, id=64, stack(0x00007fd75d11a000,0x00007fd75d21a000)]
  0x00007fd7780d7380 JavaThread "Common-Cleaner" daemon [_thread_blocked, id=65, stack(0x00007fd75d01a000,0x00007fd75d11a000)]
  0x00007fd77811fbf0 JavaThread "Notification Thread" daemon [_thread_blocked, id=67, stack(0x00007fd75cf1a000,0x00007fd75d01a000)]
  0x00007fd77832b570 JavaThread "Active Thread: Equinox Container: b97fdc93-af4d-43f5-83e6-6228669e049f" [_thread_blocked, id=71, stack(0x00007fd75cc00000,0x00007fd75cd00000)]
  0x00007fd77835e400 JavaThread "Framework Event Dispatcher: Equinox Container: b97fdc93-af4d-43f5-83e6-6228669e049f" daemon [_thread_blocked, id=72, stack(0x00007fd75ca00000,0x00007fd75cb00000)]
  0x00007fd778360de0 JavaThread "Start Level: Equinox Container: b97fdc93-af4d-43f5-83e6-6228669e049f" daemon [_thread_blocked, id=73, stack(0x00007fd75c800000,0x00007fd75c900000)]
  0x00007fd7781febd0 JavaThread "Refresh Thread: Equinox Container: b97fdc93-af4d-43f5-83e6-6228669e049f" daemon [_thread_blocked, id=74, stack(0x00007fd75c600000,0x00007fd75c700000)]
  0x00007fd70c01a7e0 JavaThread "SCR Component Actor" daemon [_thread_blocked, id=75, stack(0x00007fd75cb00000,0x00007fd75cc00000)]
  0x00007fd70c2a2b90 JavaThread "Worker-JM" [_thread_blocked, id=77, stack(0x00007fd75c200000,0x00007fd75c300000)]
  0x00007fd70c482970 JavaThread "Java indexing" daemon [_thread_blocked, id=80, stack(0x00007fd724800000,0x00007fd724900000)]
  0x00007fd70c5ed5c0 JavaThread "Bundle File Closer" daemon [_thread_blocked, id=81, stack(0x00007fd724700000,0x00007fd724800000)]
  0x00007fd6f40074f0 JavaThread "Worker-2" [_thread_blocked, id=82, stack(0x00007fd724600000,0x00007fd724700000)]
  0x00007fd7784c4990 JavaThread "pool-3-thread-1" [_thread_blocked, id=83, stack(0x00007fd724500000,0x00007fd724600000)]
  0x00007fd7783cc000 JavaThread "pool-2-thread-1" [_thread_in_native, id=84, stack(0x00007fd75c400000,0x00007fd75c500000)]
  0x00007fd6dc000ff0 JavaThread "Worker-4: Compacting resource model" [_thread_blocked, id=86, stack(0x00007fd724100000,0x00007fd724200000)]
  0x00007fd6dc433310 JavaThread "OkHttp repo.maven.apache.org" [_thread_in_native, id=89, stack(0x00007fd723f00000,0x00007fd724000000)]
  0x00007fd6dc433b00 JavaThread "OkHttp ConnectionPool" daemon [_thread_blocked, id=90, stack(0x00007fd75c100000,0x00007fd75c200000)]
  0x00007fd6d4003c40 JavaThread "OkHttp repo.maven.apache.org Writer" [_thread_blocked, id=91, stack(0x00007fd723d00000,0x00007fd723e00000)]

Other Threads:
  0x00007fd7780a1b40 VMThread "VM Thread" [stack: 0x00007fd77c2a8000,0x00007fd77c3a8000] [id=56] _threads_hazard_ptr=0x00007fd6ac000b70
  0x00007fd778121590 WatcherThread [stack: 0x00007fd75ce1a000,0x00007fd75cf1a000] [id=68]
  0x00007fd77803df20 GCTaskThread "GC Thread#0" [stack: 0x00007fd77cd52000,0x00007fd77ce52000] [id=55]

Threads with active compile tasks:
JVMCI-native CompilerThread0   358417 9493       4       org.eclipse.core.runtime.jobs.Job::getState (5 bytes)

VM state: synchronizing (normal execution)

VM Mutex/Monitor currently owned by a thread:  ([mutex/lock_event])
[0x00007fd778023840] Threads_lock - owner thread: 0x00007fd7780a1b40
[0x00007fd778023ff0] Heap_lock - owner thread: 0x00007fd6dc000ff0

OutOfMemory and StackOverflow Exception counts:
OutOfMemoryError java_heap_errors=1
LinkageErrors=71

Heap address: 0x00000000e0000000, size: 512 MB, Compressed Oops mode: 32-bit

CDS archive(s) mapped at: [0x0000000800000000-0x0000000800bc8000-0x0000000800bc8000), size 12353536, SharedBaseAddress: 0x0000000800000000, ArchiveRelocationMode: 0.
Compressed class space mapped at: 0x0000000800c00000-0x0000000840c00000, reserved size: 1073741824
Narrow klass base: 0x0000000800000000, Narrow klass shift: 0, Narrow klass range: 0x100000000

GC Precious Log:
 CPUs: 8 total, 1 available
 Memory: 1024M
 Large Page Support: Disabled
 NUMA Support: Disabled
 Compressed Oops: Enabled (32-bit)
 Alignments: Space 512K, Generation 512K, Heap 2M
 Heap Min Capacity: 100M
 Heap Initial Capacity: 100M
 Heap Max Capacity: 512M
 Pre-touch: Disabled
 Parallel Workers: 1

Heap:
 PSYoungGen      total 53760K, used 36351K [0x00000000f5580000, 0x00000000f9e00000, 0x0000000100000000)
  eden space 36352K, 99% used [0x00000000f5580000,0x00000000f78ffff8,0x00000000f7900000)
  from space 17408K, 0% used [0x00000000f8b00000,0x00000000f8b00000,0x00000000f9c00000)
  to   space 17920K, 0% used [0x00000000f7900000,0x00000000f7900000,0x00000000f8a80000)
 ParOldGen       total 349696K, used 349695K [0x00000000e0000000, 0x00000000f5580000, 0x00000000f5580000)
  object space 349696K, 99% used [0x00000000e0000000,0x00000000f557fe90,0x00000000f5580000)
 Metaspace       used 60413K, committed 61568K, reserved 1105920K
  class space    used 6030K, committed 6464K, reserved 1048576K

Card table byte_map: [0x00007fd77ce52000,0x00007fd77cf53000] _byte_map_base: 0x00007fd77c752000

Marking Bits: (ParMarkBitMap*) 0x00007fd77e5a24c0
 Begin Bits: [0x00007fd75e4b3000, 0x00007fd75ecb3000)
 End Bits:   [0x00007fd75ecb3000, 0x00007fd75f4b3000)

Polling page: 0x00007fd77d16c000

Metaspace:

Usage:
  Non-class:     53.11 MB used.
      Class:      5.89 MB used.
       Both:     59.00 MB used.

Virtual space:
  Non-class space:       56.00 MB reserved,      53.81 MB ( 96%) committed,  7 nodes.
      Class space:        1.00 GB reserved,       6.31 MB ( <1%) committed,  1 nodes.
             Both:        1.05 GB reserved,      60.12 MB (  6%) committed. 

Chunk freelists:
   Non-Class:  1.93 MB
       Class:  1.57 MB
        Both:  3.51 MB

MaxMetaspaceSize: unlimited
CompressedClassSpaceSize: 1.00 GB
Initial GC threshold: 21.00 MB
Current GC threshold: 100.25 MB
CDS: on
MetaspaceReclaimPolicy: balanced
 - commit_granule_bytes: 65536.
 - commit_granule_words: 8192.
 - virtual_space_node_default_size: 1048576.
 - enlarge_chunks_in_place: 1.
 - new_chunks_are_fully_committed: 0.
 - uncommit_free_chunks: 1.
 - use_allocation_guard: 0.
 - handle_deallocations: 1.


Internal statistics:

num_allocs_failed_limit: 6.
num_arena_births: 514.
num_arena_deaths: 158.
num_vsnodes_births: 8.
num_vsnodes_deaths: 0.
num_space_committed: 961.
num_space_uncommitted: 0.
num_chunks_returned_to_freelist: 223.
num_chunks_taken_from_freelist: 2893.
num_chunk_merges: 89.
num_chunk_splits: 1877.
num_chunks_enlarged: 1167.
num_purges: 4.
num_inconsistent_stats: 0.

CodeHeap 'non-profiled nmethods': size=120036Kb used=2684Kb max_used=2684Kb free=117351Kb
 bounds [0x00007fd766f7a000, 0x00007fd76721a000, 0x00007fd76e4b3000]
CodeHeap 'profiled nmethods': size=120032Kb used=15027Kb max_used=16227Kb free=105004Kb
 bounds [0x00007fd75fa42000, 0x00007fd760a22000, 0x00007fd766f7a000]
CodeHeap 'non-nmethods': size=5692Kb used=1391Kb max_used=1411Kb free=4300Kb
 bounds [0x00007fd75f4b3000, 0x00007fd75f723000, 0x00007fd75fa42000]
 total_blobs=7767 nmethods=7042 adapters=636
 compilation: enabled
              stopped_count=0, restarted_count=0
 full_count=0

JVMCI Events (20 events):
Event: 105.240 Thread 0x00007fd7780b2100 destroyed JavaVM[1]@0x00007fd72569e340 for JVMCI runtime 0
Event: 105.240 Thread 0x00007fd7780b2100 compacted oop handles in JVMCI runtime 0 from 235 to 235
Event: 105.240 Thread 0x00007fd7780b2100 releasing handles for JVMCI runtime 0: oop handles=235, metadata handles={total=1472, live=1346, blocks=46}
Event: 105.240 Thread 0x00007fd7780b2100 detached from JVMCI runtime 0
Event: 244.726 Thread 0x00007fd7780b2100 attached to JVMCI runtime 0
Event: 244.729 Thread 0x00007fd7780b2100 created JavaVM[2]@0x00007fd72299e340 for JVMCI runtime 0
Event: 244.729 Thread 0x00007fd7780b2100 initializing JVMCI runtime 0
Event: 244.729 Thread 0x00007fd7780b2100 done waiting for JavaVM references initialization in JVMCI runtime 0
Event: 268.368 Thread 0x00007fd7780b2100 initialized JVMCI runtime 0
Event: 282.692 Thread 0x00007fd7780b2100 detaching from JVMCI runtime 0: releasing idle compiler thread (0 other threads still attached)
Event: 282.692 Thread 0x00007fd7780b2100 shutting down HotSpotJVMCIRuntime for JVMCI runtime 0
Event: 282.692 Thread 0x00007fd7780b2100 shut down JVMCI runtime 0
Event: 284.721 Thread 0x00007fd7780b2100 destroyed JavaVM[2]@0x00007fd72299e340 for JVMCI runtime 0
Event: 284.721 Thread 0x00007fd7780b2100 compacted oop handles in JVMCI runtime 0 from 50 to 50
Event: 284.721 Thread 0x00007fd7780b2100 releasing handles for JVMCI runtime 0: oop handles=50, metadata handles={total=96, live=83, blocks=46}
Event: 284.721 Thread 0x00007fd7780b2100 detached from JVMCI runtime 0
Event: 320.911 Thread 0x00007fd7780b2100 attached to JVMCI runtime 0
Event: 320.914 Thread 0x00007fd7780b2100 created JavaVM[3]@0x00007fd72299e340 for JVMCI runtime 0
Event: 324.523 Thread 0x00007fd7780b2100 initializing JVMCI runtime 0
Event: 324.523 Thread 0x00007fd7780b2100 done waiting for JavaVM references initialization in JVMCI runtime 0

Compilation events (20 events):
Event: 102.052 Thread 0x00007fd7780b2100 nmethod 9452 0x00007fd767215b90 code [0x00007fd767215d60, 0x00007fd767216140]
Event: 102.053 Thread 0x00007fd7780b2100 9453       4       jdk.internal.jrtfs.JrtFileSystemProvider::newByteChannel (10 bytes)
Event: 102.056 Thread 0x00007fd7780b2100 nmethod 9453 0x00007fd767216610 code [0x00007fd7672167a0, 0x00007fd767216870]
Event: 102.056 Thread 0x00007fd7780b2100 9449       4       org.eclipse.jdt.internal.compiler.classfmt.ClassFileReader::getConstantClassNameAt (33 bytes)
Event: 102.060 Thread 0x00007fd7780b2100 nmethod 9449 0x00007fd767216a10 code [0x00007fd767216ba0, 0x00007fd767216d10]
Event: 102.060 Thread 0x00007fd7780b2100 9438       4       org.eclipse.jdt.core.Signature::appendTypeSignature (9 bytes)
Event: 102.117 Thread 0x00007fd7780b2100 nmethod 9438 0x00007fd767216e10 code [0x00007fd767216fa0, 0x00007fd767217090]
Event: 102.118 Thread 0x00007fd7780b2100 9439       4       org.eclipse.jdt.core.Signature::toCharArray (83 bytes)
Event: 102.210 Thread 0x00007fd7780b2100 nmethod 9439 0x00007fd767217410 code [0x00007fd7672175c0, 0x00007fd767217e70]
Event: 102.211 Thread 0x00007fd7780b2100 9445       4       org.eclipse.jdt.core.Signature::appendTypeSignature (513 bytes)
Event: 102.217 Thread 0x00007fd7780b2100 nmethod 9445 0x00007fd767218410 code [0x00007fd7672185a0, 0x00007fd767218690]
Event: 102.217 Thread 0x00007fd7780b2100 9443       4       org.eclipse.jdt.internal.compiler.classfmt.ClassFileReader::getModifiers (55 bytes)
Event: 102.221 Thread 0x00007fd7780b2100 nmethod 9443 0x00007fd767218a10 code [0x00007fd767218b80, 0x00007fd767218cd0]
Event: 205.556 Thread 0x00007fd7780b3610 9490  s!   3       org.eclipse.core.internal.jobs.WorkerPool::sleep (137 bytes)
Event: 211.428 Thread 0x00007fd7780b3610 nmethod 9490 0x00007fd76077f710 code [0x00007fd76077f980, 0x00007fd760780250]
Event: 230.759 Thread 0x00007fd7780b3610 9491       3       java.util.concurrent.Executors$RunnableAdapter::call (14 bytes)
Event: 232.652 Thread 0x00007fd7780b3610 nmethod 9491 0x00007fd7603a2610 code [0x00007fd7603a27c0, 0x00007fd7603a2b00]
Event: 244.726 Thread 0x00007fd7780b2100 9492       4       java.util.concurrent.locks.AbstractQueuedSynchronizer$ConditionObject::signal (34 bytes)
Event: 280.648 Thread 0x00007fd7780b2100 nmethod 9492 0x00007fd767218e10 code [0x00007fd767218f80, 0x00007fd767219068]
Event: 320.911 Thread 0x00007fd7780b2100 9493       4       org.eclipse.core.runtime.jobs.Job::getState (5 bytes)

GC Heap History (20 events):
Event: 339.110 GC heap before
{Heap before GC invocations=252 (full 126):
 PSYoungGen      total 53760K, used 36352K [0x00000000f5580000, 0x00000000f9e00000, 0x0000000100000000)
  eden space 36352K, 100% used [0x00000000f5580000,0x00000000f7900000,0x00000000f7900000)
  from space 17408K, 0% used [0x00000000f8b00000,0x00000000f8b00000,0x00000000f9c00000)
  to   space 17920K, 0% used [0x00000000f7900000,0x00000000f7900000,0x00000000f8a80000)
 ParOldGen       total 349696K, used 349690K [0x00000000e0000000, 0x00000000f5580000, 0x00000000f5580000)
  object space 349696K, 99% used [0x00000000e0000000,0x00000000f557e908,0x00000000f5580000)
 Metaspace       used 60411K, committed 61568K, reserved 1105920K
  class space    used 6029K, committed 6464K, reserved 1048576K
}
Event: 340.870 GC heap after
{Heap after GC invocations=252 (full 126):
 PSYoungGen      total 54272K, used 36351K [0x00000000f5580000, 0x00000000f9e00000, 0x0000000100000000)
  eden space 36352K, 99% used [0x00000000f5580000,0x00000000f78fffe0,0x00000000f7900000)
  from space 17920K, 0% used [0x00000000f7900000,0x00000000f7900000,0x00000000f8a80000)
  to   space 17408K, 0% used [0x00000000f8b00000,0x00000000f8b00000,0x00000000f9c00000)
 ParOldGen       total 349696K, used 349690K [0x00000000e0000000, 0x00000000f5580000, 0x00000000f5580000)
  object space 349696K, 99% used [0x00000000e0000000,0x00000000f557e908,0x00000000f5580000)
 Metaspace       used 60411K, committed 61568K, reserved 1105920K
  class space    used 6029K, committed 6464K, reserved 1048576K
}
Event: 340.910 GC heap before
{Heap before GC invocations=253 (full 127):
 PSYoungGen      total 54272K, used 36351K [0x00000000f5580000, 0x00000000f9e00000, 0x0000000100000000)
  eden space 36352K, 99% used [0x00000000f5580000,0x00000000f78ffff0,0x00000000f7900000)
  from space 17920K, 0% used [0x00000000f7900000,0x00000000f7900000,0x00000000f8a80000)
  to   space 17408K, 0% used [0x00000000f8b00000,0x00000000f8b00000,0x00000000f9c00000)
 ParOldGen       total 349696K, used 349690K [0x00000000e0000000, 0x00000000f5580000, 0x00000000f5580000)
  object space 349696K, 99% used [0x00000000e0000000,0x00000000f557e908,0x00000000f5580000)
 Metaspace       used 60411K, committed 61568K, reserved 1105920K
  class space    used 6029K, committed 6464K, reserved 1048576K
}
Event: 342.762 GC heap after
{Heap after GC invocations=253 (full 127):
 PSYoungGen      total 53760K, used 36351K [0x00000000f5580000, 0x00000000f9e00000, 0x0000000100000000)
  eden space 36352K, 99% used [0x00000000f5580000,0x00000000f78ffff0,0x00000000f7900000)
  from space 17408K, 0% used [0x00000000f8b00000,0x00000000f8b00000,0x00000000f9c00000)
  to   space 17920K, 0% used [0x00000000f7900000,0x00000000f7900000,0x00000000f8a80000)
 ParOldGen       total 349696K, used 349690K [0x00000000e0000000, 0x00000000f5580000, 0x00000000f5580000)
  object space 349696K, 99% used [0x00000000e0000000,0x00000000f557e908,0x00000000f5580000)
 Metaspace       used 60411K, committed 61568K, reserved 1105920K
  class space    used 6029K, committed 6464K, reserved 1048576K
}
Event: 342.763 GC heap before
{Heap before GC invocations=254 (full 128):
 PSYoungGen      total 53760K, used 36352K [0x00000000f5580000, 0x00000000f9e00000, 0x0000000100000000)
  eden space 36352K, 100% used [0x00000000f5580000,0x00000000f7900000,0x00000000f7900000)
  from space 17408K, 0% used [0x00000000f8b00000,0x00000000f8b00000,0x00000000f9c00000)
  to   space 17920K, 0% used [0x00000000f7900000,0x00000000f7900000,0x00000000f8a80000)
 ParOldGen       total 349696K, used 349695K [0x00000000e0000000, 0x00000000f5580000, 0x00000000f5580000)
  object space 349696K, 99% used [0x00000000e0000000,0x00000000f557feb8,0x00000000f5580000)
 Metaspace       used 60413K, committed 61568K, reserved 1105920K
  class space    used 6030K, committed 6464K, reserved 1048576K
}
Event: 344.727 GC heap after
{Heap after GC invocations=254 (full 128):
 PSYoungGen      total 54272K, used 36351K [0x00000000f5580000, 0x00000000f9e00000, 0x0000000100000000)
  eden space 36352K, 99% used [0x00000000f5580000,0x00000000f78fffa8,0x00000000f7900000)
  from space 17920K, 0% used [0x00000000f7900000,0x00000000f7900000,0x00000000f8a80000)
  to   space 17408K, 0% used [0x00000000f8b00000,0x00000000f8b00000,0x00000000f9c00000)
 ParOldGen       total 349696K, used 349694K [0x00000000e0000000, 0x00000000f5580000, 0x00000000f5580000)
  object space 349696K, 99% used [0x00000000e0000000,0x00000000f557f918,0x00000000f5580000)
 Metaspace       used 60413K, committed 61568K, reserved 1105920K
  class space    used 6030K, committed 6464K, reserved 1048576K
}
Event: 344.727 GC heap before
{Heap before GC invocations=255 (full 129):
 PSYoungGen      total 54272K, used 36351K [0x00000000f5580000, 0x00000000f9e00000, 0x0000000100000000)
  eden space 36352K, 99% used [0x00000000f5580000,0x00000000f78ffff8,0x00000000f7900000)
  from space 17920K, 0% used [0x00000000f7900000,0x00000000f7900000,0x00000000f8a80000)
  to   space 17408K, 0% used [0x00000000f8b00000,0x00000000f8b00000,0x00000000f9c00000)
 ParOldGen       total 349696K, used 349694K [0x00000000e0000000, 0x00000000f5580000, 0x00000000f5580000)
  object space 349696K, 99% used [0x00000000e0000000,0x00000000f557f918,0x00000000f5580000)
 Metaspace       used 60413K, committed 61568K, reserved 1105920K
  class space    used 6030K, committed 6464K, reserved 1048576K
}
Event: 346.779 GC heap after
{Heap after GC invocations=255 (full 129):
 PSYoungGen      total 53760K, used 36351K [0x00000000f5580000, 0x00000000f9e00000, 0x0000000100000000)
  eden space 36352K, 99% used [0x00000000f5580000,0x00000000f78fffc0,0x00000000f7900000)
  from space 17408K, 0% used [0x00000000f8b00000,0x00000000f8b00000,0x00000000f9c00000)
  to   space 17920K, 0% used [0x00000000f7900000,0x00000000f7900000,0x00000000f8a80000)
 ParOldGen       total 349696K, used 349694K [0x00000000e0000000, 0x00000000f5580000, 0x00000000f5580000)
  object space 349696K, 99% used [0x00000000e0000000,0x00000000f557f918,0x00000000f5580000)
 Metaspace       used 60413K, committed 61568K, reserved 1105920K
  class space    used 6030K, committed 6464K, reserved 1048576K
}
Event: 346.781 GC heap before
{Heap before GC invocations=256 (full 130):
 PSYoungGen      total 53760K, used 36351K [0x00000000f5580000, 0x00000000f9e00000, 0x0000000100000000)
  eden space 36352K, 99% used [0x00000000f5580000,0x00000000f78fffd0,0x00000000f7900000)
  from space 17408K, 0% used [0x00000000f8b00000,0x00000000f8b00000,0x00000000f9c00000)
  to   space 17920K, 0% used [0x00000000f7900000,0x00000000f7900000,0x00000000f8a80000)
 ParOldGen       total 349696K, used 349694K [0x00000000e0000000, 0x00000000f5580000, 0x00000000f5580000)
  object space 349696K, 99% used [0x00000000e0000000,0x00000000f557f918,0x00000000f5580000)
 Metaspace       used 60413K, committed 61568K, reserved 1105920K
  class space    used 6030K, committed 6464K, reserved 1048576K
}
Event: 348.576 GC heap after
{Heap after GC invocations=256 (full 130):
 PSYoungGen      total 54272K, used 36351K [0x00000000f5580000, 0x00000000f9e00000, 0x0000000100000000)
  eden space 36352K, 99% used [0x00000000f5580000,0x00000000f78fffd0,0x00000000f7900000)
  from space 17920K, 0% used [0x00000000f7900000,0x00000000f7900000,0x00000000f8a80000)
  to   space 17408K, 0% used [0x00000000f8b00000,0x00000000f8b00000,0x00000000f9c00000)
 ParOldGen       total 349696K, used 349694K [0x00000000e0000000, 0x00000000f5580000, 0x00000000f5580000)
  object space 349696K, 99% used [0x00000000e0000000,0x00000000f557f918,0x00000000f5580000)
 Metaspace       used 60413K, committed 61568K, reserved 1105920K
  class space    used 6030K, committed 6464K, reserved 1048576K
}
Event: 348.577 GC heap before
{Heap before GC invocations=257 (full 131):
 PSYoungGen      total 54272K, used 36352K [0x00000000f5580000, 0x00000000f9e00000, 0x0000000100000000)
  eden space 36352K, 100% used [0x00000000f5580000,0x00000000f7900000,0x00000000f7900000)
  from space 17920K, 0% used [0x00000000f7900000,0x00000000f7900000,0x00000000f8a80000)
  to   space 17408K, 0% used [0x00000000f8b00000,0x00000000f8b00000,0x00000000f9c00000)
 ParOldGen       total 349696K, used 349695K [0x00000000e0000000, 0x00000000f5580000, 0x00000000f5580000)
  object space 349696K, 99% used [0x00000000e0000000,0x00000000f557fff8,0x00000000f5580000)
 Metaspace       used 60413K, committed 61568K, reserved 1105920K
  class space    used 6030K, committed 6464K, reserved 1048576K
}
Event: 350.457 GC heap after
{Heap after GC invocations=257 (full 131):
 PSYoungGen      total 53760K, used 36351K [0x00000000f5580000, 0x00000000f9e00000, 0x0000000100000000)
  eden space 36352K, 99% used [0x00000000f5580000,0x00000000f78fffa8,0x00000000f7900000)
  from space 17408K, 0% used [0x00000000f8b00000,0x00000000f8b00000,0x00000000f9c00000)
  to   space 17920K, 0% used [0x00000000f7900000,0x00000000f7900000,0x00000000f8a80000)
 ParOldGen       total 349696K, used 349693K [0x00000000e0000000, 0x00000000f5580000, 0x00000000f5580000)
  object space 349696K, 99% used [0x00000000e0000000,0x00000000f557f6b0,0x00000000f5580000)
 Metaspace       used 60413K, committed 61568K, reserved 1105920K
  class space    used 6030K, committed 6464K, reserved 1048576K
}
Event: 350.457 GC heap before
{Heap before GC invocations=258 (full 132):
 PSYoungGen      total 53760K, used 36351K [0x00000000f5580000, 0x00000000f9e00000, 0x0000000100000000)
  eden space 36352K, 99% used [0x00000000f5580000,0x00000000f78ffff8,0x00000000f7900000)
  from space 17408K, 0% used [0x00000000f8b00000,0x00000000f8b00000,0x00000000f9c00000)
  to   space 17920K, 0% used [0x00000000f7900000,0x00000000f7900000,0x00000000f8a80000)
 ParOldGen       total 349696K, used 349693K [0x00000000e0000000, 0x00000000f5580000, 0x00000000f5580000)
  object space 349696K, 99% used [0x00000000e0000000,0x00000000f557f6b0,0x00000000f5580000)
 Metaspace       used 60413K, committed 61568K, reserved 1105920K
  class space    used 6030K, committed 6464K, reserved 1048576K
}
Event: 352.419 GC heap after
{Heap after GC invocations=258 (full 132):
 PSYoungGen      total 54272K, used 36351K [0x00000000f5580000, 0x00000000f9e00000, 0x0000000100000000)
  eden space 36352K, 99% used [0x00000000f5580000,0x00000000f78ffff8,0x00000000f7900000)
  from space 17920K, 0% used [0x00000000f7900000,0x00000000f7900000,0x00000000f8a80000)
  to   space 17408K, 0% used [0x00000000f8b00000,0x00000000f8b00000,0x00000000f9c00000)
 ParOldGen       total 349696K, used 349693K [0x00000000e0000000, 0x00000000f5580000, 0x00000000f5580000)
  object space 349696K, 99% used [0x00000000e0000000,0x00000000f557f6b0,0x00000000f5580000)
 Metaspace       used 60413K, committed 61568K, reserved 1105920K
  class space    used 6030K, committed 6464K, reserved 1048576K
}
Event: 352.422 GC heap before
{Heap before GC invocations=259 (full 133):
 PSYoungGen      total 54272K, used 36351K [0x00000000f5580000, 0x00000000f9e00000, 0x0000000100000000)
  eden space 36352K, 99% used [0x00000000f5580000,0x00000000f78ffff8,0x00000000f7900000)
  from space 17920K, 0% used [0x00000000f7900000,0x00000000f7900000,0x00000000f8a80000)
  to   space 17408K, 0% used [0x00000000f8b00000,0x00000000f8b00000,0x00000000f9c00000)
 ParOldGen       total 349696K, used 349695K [0x00000000e0000000, 0x00000000f5580000, 0x00000000f5580000)
  object space 349696K, 99% used [0x00000000e0000000,0x00000000f557ff10,0x00000000f5580000)
 Metaspace       used 60413K, committed 61568K, reserved 1105920K
  class space    used 6030K, committed 6464K, reserved 1048576K
}
Event: 354.643 GC heap after
{Heap after GC invocations=259 (full 133):
 PSYoungGen      total 53760K, used 36351K [0x00000000f5580000, 0x00000000f9e00000, 0x0000000100000000)
  eden space 36352K, 99% used [0x00000000f5580000,0x00000000f78ffe60,0x00000000f7900000)
  from space 17408K, 0% used [0x00000000f8b00000,0x00000000f8b00000,0x00000000f9c00000)
  to   space 17920K, 0% used [0x00000000f7900000,0x00000000f7900000,0x00000000f8a80000)
 ParOldGen       total 349696K, used 349695K [0x00000000e0000000, 0x00000000f5580000, 0x00000000f5580000)
  object space 349696K, 99% used [0x00000000e0000000,0x00000000f557feb0,0x00000000f5580000)
 Metaspace       used 60413K, committed 61568K, reserved 1105920K
  class space    used 6030K, committed 6464K, reserved 1048576K
}
Event: 354.643 GC heap before
{Heap before GC invocations=260 (full 134):
 PSYoungGen      total 53760K, used 36351K [0x00000000f5580000, 0x00000000f9e00000, 0x0000000100000000)
  eden space 36352K, 99% used [0x00000000f5580000,0x00000000f78ffff0,0x00000000f7900000)
  from space 17408K, 0% used [0x00000000f8b00000,0x00000000f8b00000,0x00000000f9c00000)
  to   space 17920K, 0% used [0x00000000f7900000,0x00000000f7900000,0x00000000f8a80000)
 ParOldGen       total 349696K, used 349695K [0x00000000e0000000, 0x00000000f5580000, 0x00000000f5580000)
  object space 349696K, 99% used [0x00000000e0000000,0x00000000f557feb0,0x00000000f5580000)
 Metaspace       used 60413K, committed 61568K, reserved 1105920K
  class space    used 6030K, committed 6464K, reserved 1048576K
}
Event: 356.529 GC heap after
{Heap after GC invocations=260 (full 134):
 PSYoungGen      total 54272K, used 36351K [0x00000000f5580000, 0x00000000f9e00000, 0x0000000100000000)
  eden space 36352K, 99% used [0x00000000f5580000,0x00000000f78fff70,0x00000000f7900000)
  from space 17920K, 0% used [0x00000000f7900000,0x00000000f7900000,0x00000000f8a80000)
  to   space 17408K, 0% used [0x00000000f8b00000,0x00000000f8b00000,0x00000000f9c00000)
 ParOldGen       total 349696K, used 349695K [0x00000000e0000000, 0x00000000f5580000, 0x00000000f5580000)
  object space 349696K, 99% used [0x00000000e0000000,0x00000000f557fe90,0x00000000f5580000)
 Metaspace       used 60413K, committed 61568K, reserved 1105920K
  class space    used 6030K, committed 6464K, reserved 1048576K
}
Event: 356.529 GC heap before
{Heap before GC invocations=261 (full 135):
 PSYoungGen      total 54272K, used 36351K [0x00000000f5580000, 0x00000000f9e00000, 0x0000000100000000)
  eden space 36352K, 99% used [0x00000000f5580000,0x00000000f78fff70,0x00000000f7900000)
  from space 17920K, 0% used [0x00000000f7900000,0x00000000f7900000,0x00000000f8a80000)
  to   space 17408K, 0% used [0x00000000f8b00000,0x00000000f8b00000,0x00000000f9c00000)
 ParOldGen       total 349696K, used 349695K [0x00000000e0000000, 0x00000000f5580000, 0x00000000f5580000)
  object space 349696K, 99% used [0x00000000e0000000,0x00000000f557fe90,0x00000000f5580000)
 Metaspace       used 60413K, committed 61568K, reserved 1105920K
  class space    used 6030K, committed 6464K, reserved 1048576K
}
Event: 358.312 GC heap after
{Heap after GC invocations=261 (full 135):
 PSYoungGen      total 53760K, used 36351K [0x00000000f5580000, 0x00000000f9e00000, 0x0000000100000000)
  eden space 36352K, 99% used [0x00000000f5580000,0x00000000f78fff70,0x00000000f7900000)
  from space 17408K, 0% used [0x00000000f8b00000,0x00000000f8b00000,0x00000000f9c00000)
  to   space 17920K, 0% used [0x00000000f7900000,0x00000000f7900000,0x00000000f8a80000)
 ParOldGen       total 349696K, used 349695K [0x00000000e0000000, 0x00000000f5580000, 0x00000000f5580000)
  object space 349696K, 99% used [0x00000000e0000000,0x00000000f557fe90,0x00000000f5580000)
 Metaspace       used 60413K, committed 61568K, reserved 1105920K
  class space    used 6030K, committed 6464K, reserved 1048576K
}

Dll operation events (9 events):
Event: 0.009 Loaded shared library /nix/store/gpxl5qgg8kicmcvivwmybwjlpf7wh20l-graalvm17-ce-22.3.0/lib/libjava.so
Event: 0.048 Loaded shared library /nix/store/gpxl5qgg8kicmcvivwmybwjlpf7wh20l-graalvm17-ce-22.3.0/lib/libjsvml.so
Event: 0.321 Loaded shared library /nix/store/gpxl5qgg8kicmcvivwmybwjlpf7wh20l-graalvm17-ce-22.3.0/lib/libnio.so
Event: 0.329 Loaded shared library /nix/store/gpxl5qgg8kicmcvivwmybwjlpf7wh20l-graalvm17-ce-22.3.0/lib/libzip.so
Event: 0.345 Loaded shared library /nix/store/gpxl5qgg8kicmcvivwmybwjlpf7wh20l-graalvm17-ce-22.3.0/lib/libjvmcicompiler.so
Event: 0.957 Loaded shared library /nix/store/gpxl5qgg8kicmcvivwmybwjlpf7wh20l-graalvm17-ce-22.3.0/lib/libjimage.so
Event: 1.565 Loaded shared library /nix/store/gpxl5qgg8kicmcvivwmybwjlpf7wh20l-graalvm17-ce-22.3.0/lib/libnet.so
Event: 6.129 Loaded shared library /home/runner/.cache/jdt-language-server/config/org.eclipse.equinox.launcher/org.eclipse.equinox.launcher.gtk.linux.x86_64_1.2.400.v20211117-0650/eclipse_11600.so
Event: 18.674 Loaded shared library /nix/store/gpxl5qgg8kicmcvivwmybwjlpf7wh20l-graalvm17-ce-22.3.0/lib/libextnet.so

Deoptimization events (20 events):
Event: 100.334 Thread 0x00007fd70c482970 DEOPT PACKING pc=0x00007fd760687585 sp=0x00007fd7248fe530
Event: 100.334 Thread 0x00007fd70c482970 DEOPT UNPACKING pc=0x00007fd75f505325 sp=0x00007fd7248fda20 mode 0
Event: 100.339 Thread 0x00007fd70c482970 DEOPT PACKING pc=0x00007fd760687585 sp=0x00007fd7248fe530
Event: 100.339 Thread 0x00007fd70c482970 DEOPT UNPACKING pc=0x00007fd75f505325 sp=0x00007fd7248fda20 mode 0
Event: 100.342 Thread 0x00007fd70c482970 DEOPT PACKING pc=0x00007fd760687585 sp=0x00007fd7248fe530
Event: 100.342 Thread 0x00007fd70c482970 DEOPT UNPACKING pc=0x00007fd75f505325 sp=0x00007fd7248fda20 mode 0
Event: 100.349 Thread 0x00007fd70c482970 DEOPT PACKING pc=0x00007fd760687585 sp=0x00007fd7248fe530
Event: 100.349 Thread 0x00007fd70c482970 DEOPT UNPACKING pc=0x00007fd75f505325 sp=0x00007fd7248fda20 mode 0
Event: 100.362 Thread 0x00007fd70c482970 DEOPT PACKING pc=0x00007fd760687585 sp=0x00007fd7248fe530
Event: 100.362 Thread 0x00007fd70c482970 DEOPT UNPACKING pc=0x00007fd75f505325 sp=0x00007fd7248fda20 mode 0
Event: 100.368 Thread 0x00007fd70c482970 DEOPT PACKING pc=0x00007fd760687585 sp=0x00007fd7248fe530
Event: 100.368 Thread 0x00007fd70c482970 DEOPT UNPACKING pc=0x00007fd75f505325 sp=0x00007fd7248fda20 mode 0
Event: 100.413 Thread 0x00007fd70c482970 DEOPT PACKING pc=0x00007fd760687585 sp=0x00007fd7248fe530
Event: 100.413 Thread 0x00007fd70c482970 DEOPT UNPACKING pc=0x00007fd75f505325 sp=0x00007fd7248fda20 mode 0
Event: 100.448 Thread 0x00007fd70c482970 DEOPT PACKING pc=0x00007fd760687585 sp=0x00007fd7248fe530
Event: 100.448 Thread 0x00007fd70c482970 DEOPT UNPACKING pc=0x00007fd75f505325 sp=0x00007fd7248fda20 mode 0
Event: 100.462 Thread 0x00007fd70c482970 DEOPT PACKING pc=0x00007fd760687585 sp=0x00007fd7248fe530
Event: 100.462 Thread 0x00007fd70c482970 DEOPT UNPACKING pc=0x00007fd75f505325 sp=0x00007fd7248fda20 mode 0
Event: 100.484 Thread 0x00007fd70c482970 DEOPT PACKING pc=0x00007fd760687585 sp=0x00007fd7248fe530
Event: 100.484 Thread 0x00007fd70c482970 DEOPT UNPACKING pc=0x00007fd75f505325 sp=0x00007fd7248fda20 mode 0

Classes unloaded (20 events):
Event: 113.548 Thread 0x00007fd7780a1b40 Unloading class 0x0000000800f28400 'jdk/internal/reflect/GeneratedConstructorAccessor11'
Event: 113.548 Thread 0x00007fd7780a1b40 Unloading class 0x0000000800d99000 'java/lang/invoke/LambdaForm$MH+0x0000000800d99000'
Event: 113.548 Thread 0x00007fd7780a1b40 Unloading class 0x0000000800d98c00 'java/lang/invoke/LambdaForm$MH+0x0000000800d98c00'
Event: 113.548 Thread 0x00007fd7780a1b40 Unloading class 0x0000000800d98800 'java/lang/invoke/LambdaForm$MH+0x0000000800d98800'
Event: 113.548 Thread 0x00007fd7780a1b40 Unloading class 0x0000000800d98400 'java/lang/invoke/LambdaForm$MH+0x0000000800d98400'
Event: 113.548 Thread 0x00007fd7780a1b40 Unloading class 0x0000000800d98000 'jdk/internal/reflect/GeneratedConstructorAccessor3'
Event: 113.548 Thread 0x00007fd7780a1b40 Unloading class 0x0000000800d06800 'java/lang/invoke/LambdaForm$MH+0x0000000800d06800'
Event: 113.548 Thread 0x00007fd7780a1b40 Unloading class 0x0000000800d06000 'java/lang/invoke/LambdaForm$MH+0x0000000800d06000'
Event: 113.548 Thread 0x00007fd7780a1b40 Unloading class 0x0000000800d05c00 'java/lang/invoke/LambdaForm$MH+0x0000000800d05c00'
Event: 113.548 Thread 0x00007fd7780a1b40 Unloading class 0x0000000800d05800 'java/lang/invoke/LambdaForm$MH+0x0000000800d05800'
Event: 113.548 Thread 0x00007fd7780a1b40 Unloading class 0x0000000800d05000 'java/lang/invoke/LambdaForm$MH+0x0000000800d05000'
Event: 113.548 Thread 0x00007fd7780a1b40 Unloading class 0x0000000800d04c00 'java/lang/invoke/LambdaForm$MH+0x0000000800d04c00'
Event: 113.548 Thread 0x00007fd7780a1b40 Unloading class 0x0000000800d04800 'java/lang/invoke/LambdaForm$MH+0x0000000800d04800'
Event: 113.548 Thread 0x00007fd7780a1b40 Unloading class 0x0000000800d04000 'java/lang/invoke/LambdaForm$MH+0x0000000800d04000'
Event: 113.548 Thread 0x00007fd7780a1b40 Unloading class 0x0000000800c1d000 'jdk/internal/reflect/GeneratedMethodAccessor5'
Event: 113.548 Thread 0x00007fd7780a1b40 Unloading class 0x0000000800c1cc00 'jdk/internal/reflect/GeneratedMethodAccessor4'
Event: 113.548 Thread 0x00007fd7780a1b40 Unloading class 0x0000000800c1c800 'jdk/internal/reflect/GeneratedMethodAccessor3'
Event: 113.548 Thread 0x00007fd7780a1b40 Unloading class 0x0000000800c1c400 'jdk/internal/reflect/GeneratedMethodAccessor2'
Event: 113.548 Thread 0x00007fd7780a1b40 Unloading class 0x0000000800c1c000 'jdk/internal/reflect/GeneratedMethodAccessor1'
Event: 113.548 Thread 0x00007fd7780a1b40 Unloading class 0x0000000800c01c00 'java/lang/invoke/LambdaForm$DMH+0x0000000800c01c00'

Classes redefined (0 events):
No events

Internal exceptions (20 events):
Event: 68.025 Thread 0x00007fd6fc14d920 Exception <a 'java/lang/NoSuchMethodError'{0x00000000f616fdb0}: 'java.lang.Object java.lang.invoke.DirectMethodHandle$Holder.newInvokeSpecial(java.lang.Object, int, java.lang.Object, java.lang.Object, java.lang.Object)'> (0x00000000f616fdb0) 
thrown [src/hotspot/share/interpreter/linkResolver.cpp, line 758]
Event: 68.027 Thread 0x00007fd6fc150a20 Exception <a 'java/lang/NoSuchMethodError'{0x00000000f61d5378}: 'java.lang.Object java.lang.invoke.DirectMethodHandle$Holder.newInvokeSpecial(java.lang.Object, int, java.lang.Object, java.lang.Object, java.lang.Object)'> (0x00000000f61d5378) 
thrown [src/hotspot/share/interpreter/linkResolver.cpp, line 758]
Event: 68.027 Thread 0x00007fd6fc14e7e0 Exception <a 'java/lang/NoSuchMethodError'{0x00000000f618f2d0}: 'java.lang.Object java.lang.invoke.DirectMethodHandle$Holder.newInvokeSpecial(java.lang.Object, int, java.lang.Object, java.lang.Object, java.lang.Object)'> (0x00000000f618f2d0) 
thrown [src/hotspot/share/interpreter/linkResolver.cpp, line 758]
Event: 68.517 Thread 0x00007fd6fc14f910 Exception <a 'java/lang/ArrayIndexOutOfBoundsException'{0x00000000f589a440}: Index 43 out of bounds for length 43> (0x00000000f589a440) 
thrown [src/hotspot/share/interpreter/interpreterRuntime.cpp, line 428]
Event: 68.735 Thread 0x00007fd6fc14cd90 Exception <a 'java/lang/NoSuchMethodError'{0x00000000f5db00c8}: 'java.lang.Object java.lang.invoke.DirectMethodHandle$Holder.newInvokeSpecial(java.lang.Object, java.lang.Object, int, java.lang.Object, java.lang.Object, java.lang.Object, java.lang.Object)'> (0x00000000f5db00c8) 
thrown [src/hotspot/share/interpreter/linkResolver.cpp, line 758]
Event: 68.916 Thread 0x00007fd6fc14f910 Exception <a 'java/lang/ArrayIndexOutOfBoundsException'{0x00000000f64ae1b0}: Index 43 out of bounds for length 43> (0x00000000f64ae1b0) 
thrown [src/hotspot/share/interpreter/interpreterRuntime.cpp, line 428]
Event: 68.916 Thread 0x00007fd6fc14e7e0 Exception <a 'java/lang/NoSuchMethodError'{0x00000000f646cda8}: 'void java.lang.invoke.DirectMethodHandle$Holder.invokeSpecial(java.lang.Object, java.lang.Object, int)'> (0x00000000f646cda8) 
thrown [src/hotspot/share/interpreter/linkResolver.cpp, line 758]
Event: 70.657 Thread 0x00007fd6fc14f910 Exception <a 'java/lang/ArrayIndexOutOfBoundsException'{0x00000000f56123a8}: Index 43 out of bounds for length 43> (0x00000000f56123a8) 
thrown [src/hotspot/share/interpreter/interpreterRuntime.cpp, line 428]
Event: 71.122 Thread 0x00007fd6fc14f910 Exception <a 'java/lang/ArrayIndexOutOfBoundsException'{0x00000000f5cf9af8}: Index 37 out of bounds for length 37> (0x00000000f5cf9af8) 
thrown [src/hotspot/share/interpreter/interpreterRuntime.cpp, line 428]
Event: 71.339 Thread 0x00007fd6fc14d920 Exception <a 'java/lang/NoSuchMethodError'{0x00000000f62c3e28}: 'int java.lang.invoke.DirectMethodHandle$Holder.invokeSpecialIFC(java.lang.Object, java.lang.Object, java.lang.Object, java.lang.Object)'> (0x00000000f62c3e28) 
thrown [src/hotspot/share/interpreter/linkResolver.cpp, line 758]
Event: 71.517 Thread 0x00007fd6fc14f910 Exception <a 'java/lang/ArrayIndexOutOfBoundsException'{0x00000000f655b608}: Index 43 out of bounds for length 43> (0x00000000f655b608) 
thrown [src/hotspot/share/interpreter/interpreterRuntime.cpp, line 428]
Event: 72.014 Thread 0x00007fd6fc14f910 Exception <a 'java/lang/ArrayIndexOutOfBoundsException'{0x00000000f6e36558}: Index 43 out of bounds for length 43> (0x00000000f6e36558) 
thrown [src/hotspot/share/interpreter/interpreterRuntime.cpp, line 428]
Event: 72.422 Thread 0x00007fd6fc14f910 Exception <a 'java/lang/ArrayIndexOutOfBoundsException'{0x00000000f57ecdf0}: Index 43 out of bounds for length 43> (0x00000000f57ecdf0) 
thrown [src/hotspot/share/interpreter/interpreterRuntime.cpp, line 428]
Event: 72.517 Thread 0x00007fd6fc14f910 Exception <a 'java/lang/ArrayIndexOutOfBoundsException'{0x00000000f59b9118}: Index 43 out of bounds for length 43> (0x00000000f59b9118) 
thrown [src/hotspot/share/interpreter/interpreterRuntime.cpp, line 428]
Event: 72.730 Thread 0x00007fd6fc14f910 Exception <a 'java/lang/ArrayIndexOutOfBoundsException'{0x00000000f5b91890}: Index 43 out of bounds for length 43> (0x00000000f5b91890) 
thrown [src/hotspot/share/interpreter/interpreterRuntime.cpp, line 428]
Event: 73.155 Thread 0x00007fd6fc14f910 Exception <a 'java/lang/ArrayIndexOutOfBoundsException'{0x00000000f6369da0}: Index 43 out of bounds for length 43> (0x00000000f6369da0) 
thrown [src/hotspot/share/interpreter/interpreterRuntime.cpp, line 428]
Event: 73.537 Thread 0x00007fd6fc14f910 Exception <a 'java/lang/ArrayIndexOutOfBoundsException'{0x00000000f6cb6228}: Index 37 out of bounds for length 37> (0x00000000f6cb6228) 
thrown [src/hotspot/share/interpreter/interpreterRuntime.cpp, line 428]
Event: 73.813 Thread 0x00007fd6fc14f910 Exception <a 'java/lang/ArrayIndexOutOfBoundsException'{0x00000000f55d0118}: Index 37 out of bounds for length 37> (0x00000000f55d0118) 
thrown [src/hotspot/share/interpreter/interpreterRuntime.cpp, line 428]
Event: 85.252 Thread 0x00007fd70c482970 Implicit null exception at 0x00007fd7671bec92 to 0x00007fd7671c1933
Event: 358.312 Thread 0x00007fd7780b2100 Exception <a 'java/lang/OutOfMemoryError'{0x00000000e0004568}> (0x00000000e0004568) 
thrown [src/hotspot/share/gc/shared/memAllocator.cpp, line 136]

VM Operations (20 events):
Event: 337.350 Executing VM operation: ParallelGCFailedAllocation
Event: 339.110 Executing VM operation: ParallelGCFailedAllocation done
Event: 339.110 Executing VM operation: ParallelGCFailedAllocation
Event: 340.870 Executing VM operation: ParallelGCFailedAllocation done
Event: 340.910 Executing VM operation: ParallelGCFailedAllocation
Event: 342.762 Executing VM operation: ParallelGCFailedAllocation done
Event: 342.763 Executing VM operation: ParallelGCFailedAllocation
Event: 344.727 Executing VM operation: ParallelGCFailedAllocation done
Event: 344.727 Executing VM operation: ParallelGCFailedAllocation
Event: 346.779 Executing VM operation: ParallelGCFailedAllocation done
Event: 346.780 Executing VM operation: ParallelGCFailedAllocation
Event: 348.577 Executing VM operation: ParallelGCFailedAllocation done
Event: 348.577 Executing VM operation: ParallelGCFailedAllocation
Event: 350.457 Executing VM operation: ParallelGCFailedAllocation done
Event: 350.457 Executing VM operation: ParallelGCFailedAllocation
Event: 352.419 Executing VM operation: ParallelGCFailedAllocation done
Event: 352.421 Executing VM operation: ParallelGCFailedAllocation
Event: 354.643 Executing VM operation: ParallelGCFailedAllocation done
Event: 354.643 Executing VM operation: ParallelGCFailedAllocation
Event: 358.312 Executing VM operation: ParallelGCFailedAllocation done

Events (20 events):
Event: 71.214 Thread 0x00007fd7780b4670 flushing nmethod 0x00007fd760917690
Event: 71.215 Thread 0x00007fd7780b4670 flushing nmethod 0x00007fd760927d90
Event: 71.215 Thread 0x00007fd7780b4670 flushing nmethod 0x00007fd760928310
Event: 71.215 Thread 0x00007fd7780b4670 flushing nmethod 0x00007fd76093a690
Event: 71.215 Thread 0x00007fd7780b4670 flushing nmethod 0x00007fd76093d710
Event: 71.215 Thread 0x00007fd7780b4670 flushing nmethod 0x00007fd76093dc90
Event: 71.215 Thread 0x00007fd7780b4670 flushing nmethod 0x00007fd76093e110
Event: 71.215 Thread 0x00007fd7780b4670 flushing nmethod 0x00007fd760959a90
Event: 71.417 Thread 0x00007fd6fc14d920 Thread exited: 0x00007fd6fc14d920
Event: 71.421 Thread 0x00007fd6fc150a20 Thread exited: 0x00007fd6fc150a20
Event: 71.912 Thread 0x00007fd6fc14e7e0 Thread exited: 0x00007fd6fc14e7e0
Event: 73.918 Thread 0x00007fd6fc14cd90 Thread exited: 0x00007fd6fc14cd90
Event: 74.334 Thread 0x00007fd6fc14f910 Thread exited: 0x00007fd6fc14f910
Event: 108.015 Thread 0x00007fd6d4004a90 Thread exited: 0x00007fd6d4004a90
Event: 108.015 Thread 0x00007fd6dc438ed0 Thread exited: 0x00007fd6dc438ed0
Event: 121.972 Thread 0x00007fd6e0054ed0 Thread exited: 0x00007fd6e0054ed0
Event: 121.973 Thread 0x00007fd6f40010d0 Thread exited: 0x00007fd6f40010d0
Event: 121.973 Thread 0x00007fd6e4001130 Thread exited: 0x00007fd6e4001130
Event: 121.973 Thread 0x00007fd70c304de0 Thread exited: 0x00007fd70c304de0
Event: 136.182 Thread 0x00007fd6e0054520 Thread exited: 0x00007fd6e0054520


Dynamic libraries:
e0000000-f0b80000 rw-p 00000000 00:00 0 
f0b80000-f9e00000 rw-p 00000000 00:00 0 
f9e00000-100000000 ---p 00000000 00:00 0 
800000000-800449000 rw-p 00001000 00:1323 4611686019135357769            /nix/store/gpxl5qgg8kicmcvivwmybwjlpf7wh20l-graalvm17-ce-22.3.0/lib/server/classes.jsa
800449000-800bc8000 r--p 0044a000 00:1323 4611686019135357769            /nix/store/gpxl5qgg8kicmcvivwmybwjlpf7wh20l-graalvm17-ce-22.3.0/lib/server/classes.jsa
800bc8000-800c00000 ---p 00000000 00:00 0 
800c00000-800c10000 rw-p 00000000 00:00 0 
800c10000-800c30000 rw-p 00000000 00:00 0 
800c30000-800cb0000 rw-p 00000000 00:00 0 
800cb0000-800cf0000 rw-p 00000000 00:00 0 
800cf0000-800db0000 rw-p 00000000 00:00 0 
800db0000-800df0000 rw-p 00000000 00:00 0 
800df0000-800f70000 rw-p 00000000 00:00 0 
800f70000-800fb0000 rw-p 00000000 00:00 0 
800fb0000-800ff0000 rw-p 00000000 00:00 0 
800ff0000-8011b0000 rw-p 00000000 00:00 0 
8011b0000-8011d0000 rw-p 00000000 00:00 0 
8011d0000-801200000 ---p 00000000 00:00 0 
801200000-801280000 rw-p 00000000 00:00 0 
801280000-840c00000 ---p 00000000 00:00 0 
5562dee55000-5562dee56000 r-xp 00000000 00:1323 4611686019099417844      /nix/store/gpxl5qgg8kicmcvivwmybwjlpf7wh20l-graalvm17-ce-22.3.0/bin/.java-wrapped
5562dee57000-5562dee58000 r--p 00001000 00:1323 4611686019099417844      /nix/store/gpxl5qgg8kicmcvivwmybwjlpf7wh20l-graalvm17-ce-22.3.0/bin/.java-wrapped
5562dee58000-5562dee59000 rw-p 00002000 00:1323 4611686019099417844      /nix/store/gpxl5qgg8kicmcvivwmybwjlpf7wh20l-graalvm17-ce-22.3.0/bin/.java-wrapped
5562dee59000-5562dee5a000 rw-p 00004000 00:1323 4611686019099417844      /nix/store/gpxl5qgg8kicmcvivwmybwjlpf7wh20l-graalvm17-ce-22.3.0/bin/.java-wrapped
5562dee5a000-5562dee5b000 rw-p 00005000 00:1323 4611686019099417844      /nix/store/gpxl5qgg8kicmcvivwmybwjlpf7wh20l-graalvm17-ce-22.3.0/bin/.java-wrapped
5562e0281000-5562e02c9000 rw-p 00000000 00:00 0                          [heap]
7fd69c000000-7fd69c021000 rw-p 00000000 00:00 0 
7fd69c021000-7fd6a0000000 ---p 00000000 00:00 0 
7fd6a4000000-7fd6a40a0000 rw-p 00000000 00:00 0 
7fd6a40a0000-7fd6a8000000 ---p 00000000 00:00 0 
7fd6a8000000-7fd6a80b0000 rw-p 00000000 00:00 0 
7fd6a80b0000-7fd6ac000000 ---p 00000000 00:00 0 
7fd6ac000000-7fd6ac021000 rw-p 00000000 00:00 0 
7fd6ac021000-7fd6b0000000 ---p 00000000 00:00 0 
7fd6b0000000-7fd6b008b000 rw-p 00000000 00:00 0 
7fd6b008b000-7fd6b4000000 ---p 00000000 00:00 0 
7fd6b4000000-7fd6b40c4000 rw-p 00000000 00:00 0 
7fd6b40c4000-7fd6b8000000 ---p 00000000 00:00 0 
7fd6b8000000-7fd6b80ca000 rw-p 00000000 00:00 0 
7fd6b80ca000-7fd6bc000000 ---p 00000000 00:00 0 
7fd6bc000000-7fd6bc021000 rw-p 00000000 00:00 0 
7fd6bc021000-7fd6c0000000 ---p 00000000 00:00 0 
7fd6c0000000-7fd6c0021000 rw-p 00000000 00:00 0 
7fd6c0021000-7fd6c4000000 ---p 00000000 00:00 0 
7fd6c4000000-7fd6c4021000 rw-p 00000000 00:00 0 
7fd6c4021000-7fd6c8000000 ---p 00000000 00:00 0 
7fd6ca4b3000-7fd6d4000000 r--s 00000000 00:1323 4611686019135192581      /nix/store/gpxl5qgg8kicmcvivwmybwjlpf7wh20l-graalvm17-ce-22.3.0/lib/modules
7fd6d4000000-7fd6d4021000 rw-p 00000000 00:00 0 
7fd6d4021000-7fd6d8000000 ---p 00000000 00:00 0 
7fd6d8000000-7fd6d8021000 rw-p 00000000 00:00 0 
7fd6d8021000-7fd6dc000000 ---p 00000000 00:00 0 
7fd6dc000000-7fd6dc507000 rw-p 00000000 00:00 0 
7fd6dc507000-7fd6e0000000 ---p 00000000 00:00 0 
7fd6e0000000-7fd6e009b000 rw-p 00000000 00:00 0 
7fd6e009b000-7fd6e4000000 ---p 00000000 00:00 0 
7fd6e4000000-7fd6e4110000 rw-p 00000000 00:00 0 
7fd6e4110000-7fd6e8000000 ---p 00000000 00:00 0 
7fd6e8000000-7fd6e8021000 rw-p 00000000 00:00 0 
7fd6e8021000-7fd6ec000000 ---p 00000000 00:00 0 
7fd6ec000000-7fd6ec053000 rw-p 00000000 00:00 0 
7fd6ec053000-7fd6f0000000 ---p 00000000 00:00 0 
7fd6f0000000-7fd6f0021000 rw-p 00000000 00:00 0 
7fd6f0021000-7fd6f4000000 ---p 00000000 00:00 0 
7fd6f4000000-7fd6f405b000 rw-p 00000000 00:00 0 
7fd6f405b000-7fd6f8000000 ---p 00000000 00:00 0 
7fd6f8000000-7fd6f8315000 rw-p 00000000 00:00 0 
7fd6f8315000-7fd6fc000000 ---p 00000000 00:00 0 
7fd6fc000000-7fd6fc1c3000 rw-p 00000000 00:00 0 
7fd6fc1c3000-7fd700000000 ---p 00000000 00:00 0 
7fd700000000-7fd700021000 rw-p 00000000 00:00 0 
7fd700021000-7fd704000000 ---p 00000000 00:00 0 
7fd704000000-7fd704021000 rw-p 00000000 00:00 0 
7fd704021000-7fd708000000 ---p 00000000 00:00 0 
7fd708c00000-7fd709240000 rw-p 00000000 00:00 0 
7fd709240000-7fd709400000 ---p 00000000 00:00 0 
7fd709400000-7fd7096f0000 rw-p 00000000 00:00 0 
7fd7096f0000-7fd709790000 rw-p 00000000 00:00 0 
7fd709790000-7fd709800000 ---p 00000000 00:00 0 
7fd709800000-7fd709a70000 rw-p 00000000 00:00 0 
7fd709a70000-7fd709c00000 rw-p 00000000 00:00 0 
7fd70ac00000-7fd70add0000 rw-p 00000000 00:00 0 
7fd70add0000-7fd70aef0000 rw-p 00000000 00:00 0 
7fd70aef0000-7fd70aff0000 rw-p 00000000 00:00 0 
7fd70aff0000-7fd70b3f0000 rw-p 00000000 00:00 0 
7fd70b3f0000-7fd70b4f0000 rw-p 00000000 00:00 0 
7fd70b4f0000-7fd70b5f0000 rw-p 00000000 00:00 0 
7fd70b5f0000-7fd70b6f0000 rw-p 00000000 00:00 0 
7fd70b6f0000-7fd70b8f0000 rw-p 00000000 00:00 0 
7fd70b8f0000-7fd70baf0000 rw-p 00000000 00:00 0 
7fd70baf0000-7fd70bc00000 rw-p 00000000 00:00 0 
7fd70bc00000-7fd70bc10000 r-xp 00000000 00:131c 384                      /home/runner/.cache/jdt-language-server/config/org.eclipse.equinox.launcher/org.eclipse.equinox.launcher.gtk.linux.x86_64_1.2.400.v20211117-0650/eclipse_11600.so
7fd70bc10000-7fd70be0f000 ---p 00010000 00:131c 384                      /home/runner/.cache/jdt-language-server/config/org.eclipse.equinox.launcher/org.eclipse.equinox.launcher.gtk.linux.x86_64_1.2.400.v20211117-0650/eclipse_11600.so
7fd70be0f000-7fd70be10000 r--p 0000f000 00:131c 384                      /home/runner/.cache/jdt-language-server/config/org.eclipse.equinox.launcher/org.eclipse.equinox.launcher.gtk.linux.x86_64_1.2.400.v20211117-0650/eclipse_11600.so
7fd70be10000-7fd70be11000 rw-p 00010000 00:131c 384                      /home/runner/.cache/jdt-language-server/config/org.eclipse.equinox.launcher/org.eclipse.equinox.launcher.gtk.linux.x86_64_1.2.400.v20211117-0650/eclipse_11600.so
7fd70c000000-7fd70c8c0000 rw-p 00000000 00:00 0 
7fd70c8c0000-7fd710000000 ---p 00000000 00:00 0 
7fd710000000-7fd710025000 rw-p 00000000 00:00 0 
7fd710025000-7fd714000000 ---p 00000000 00:00 0 
7fd714000000-7fd714021000 rw-p 00000000 00:00 0 
7fd714021000-7fd718000000 ---p 00000000 00:00 0 
7fd718000000-7fd718021000 rw-p 00000000 00:00 0 
7fd718021000-7fd71c000000 ---p 00000000 00:00 0 
7fd71c000000-7fd71c021000 rw-p 00000000 00:00 0 
7fd71c021000-7fd720000000 ---p 00000000 00:00 0 
7fd720400000-7fd7204f0000 rw-p 00000000 00:00 0 
7fd7204f0000-7fd7205f0000 rw-p 00000000 00:00 0 
7fd7205f0000-7fd720bf0000 rw-p 00000000 00:00 0 
7fd720bf0000-7fd720cf0000 rw-p 00000000 00:00 0 
7fd720cf0000-7fd720df0000 rw-p 00000000 00:00 0 
7fd720df0000-7fd7210f0000 rw-p 00000000 00:00 0 
7fd7210f0000-7fd7211f0000 rw-p 00000000 00:00 0 
7fd7211f0000-7fd7213f0000 rw-p 00000000 00:00 0 
7fd7213f0000-7fd721400000 rw-p 00000000 00:00 0 
7fd721d00000-7fd721e00000 ---p 00000000 00:00 0 
7fd721e00000-7fd7223af000 r--p 01122000 00:1323 4611686019135190040      /nix/store/gpxl5qgg8kicmcvivwmybwjlpf7wh20l-graalvm17-ce-22.3.0/lib/libjvmcicompiler.so
7fd7223af000-7fd722500000 r--p 00000000 00:00 0 
7fd722500000-7fd72253d000 rw-p 00000000 00:00 0 
7fd72253d000-7fd722a5d000 rw-p 0185f000 00:1323 4611686019135190040      /nix/store/gpxl5qgg8kicmcvivwmybwjlpf7wh20l-graalvm17-ce-22.3.0/lib/libjvmcicompiler.so
7fd722a5d000-7fd722e44000 r--p 01d7f000 00:1323 4611686019135190040      /nix/store/gpxl5qgg8kicmcvivwmybwjlpf7wh20l-graalvm17-ce-22.3.0/lib/libjvmcicompiler.so
7fd722f00000-7fd722f04000 ---p 00000000 00:00 0 
7fd722f04000-7fd723000000 rw-p 00000000 00:00 0 
7fd723100000-7fd723104000 ---p 00000000 00:00 0 
7fd723104000-7fd723200000 rw-p 00000000 00:00 0 
7fd723300000-7fd723304000 ---p 00000000 00:00 0 
7fd723304000-7fd723400000 rw-p 00000000 00:00 0 
7fd723500000-7fd723504000 ---p 00000000 00:00 0 
7fd723504000-7fd723600000 rw-p 00000000 00:00 0 
7fd723700000-7fd723704000 ---p 00000000 00:00 0 
7fd723704000-7fd723800000 rw-p 00000000 00:00 0 
7fd723900000-7fd723904000 ---p 00000000 00:00 0 
7fd723904000-7fd723a00000 rw-p 00000000 00:00 0 
7fd723a00000-7fd723a04000 ---p 00000000 00:00 0 
7fd723a04000-7fd723b00000 rw-p 00000000 00:00 0 
7fd723b00000-7fd723b04000 ---p 00000000 00:00 0 
7fd723b04000-7fd723c00000 rw-p 00000000 00:00 0 
7fd723d00000-7fd723d04000 ---p 00000000 00:00 0 
7fd723d04000-7fd723e00000 rw-p 00000000 00:00 0 
7fd723f00000-7fd723f04000 ---p 00000000 00:00 0 
7fd723f04000-7fd724000000 rw-p 00000000 00:00 0 
7fd724100000-7fd724104000 ---p 00000000 00:00 0 
7fd724104000-7fd724200000 rw-p 00000000 00:00 0 
7fd724300000-7fd724304000 ---p 00000000 00:00 0 
7fd724304000-7fd724400000 rw-p 00000000 00:00 0 
7fd724500000-7fd724504000 ---p 00000000 00:00 0 
7fd724504000-7fd724600000 rw-p 00000000 00:00 0 
7fd724600000-7fd724604000 ---p 00000000 00:00 0 
7fd724604000-7fd724700000 rw-p 00000000 00:00 0 
7fd724700000-7fd724704000 ---p 00000000 00:00 0 
7fd724704000-7fd724800000 rw-p 00000000 00:00 0 
7fd724800000-7fd724804000 ---p 00000000 00:00 0 
7fd724804000-7fd724900000 rw-p 00000000 00:00 0 
7fd724900000-7fd724904000 ---p 00000000 00:00 0 
7fd724904000-7fd724a00000 rw-p 00000000 00:00 0 
7fd725668000-7fd725b00000 rw-p 00000000 00:00 0 
7fd725c00000-7fd727d6a000 r-xp 00000000 00:1323 4611686019135190040      /nix/store/gpxl5qgg8kicmcvivwmybwjlpf7wh20l-graalvm17-ce-22.3.0/lib/libjvmcicompiler.so
7fd727d6a000-7fd727f69000 ---p 0216a000 00:1323 4611686019135190040      /nix/store/gpxl5qgg8kicmcvivwmybwjlpf7wh20l-graalvm17-ce-22.3.0/lib/libjvmcicompiler.so
7fd727f69000-7fd727f6a000 r--p 02169000 00:1323 4611686019135190040      /nix/store/gpxl5qgg8kicmcvivwmybwjlpf7wh20l-graalvm17-ce-22.3.0/lib/libjvmcicompiler.so
7fd727f6a000-7fd727f6c000 rw-p 0216a000 00:1323 4611686019135190040      /nix/store/gpxl5qgg8kicmcvivwmybwjlpf7wh20l-graalvm17-ce-22.3.0/lib/libjvmcicompiler.so
7fd727f6c000-7fd727f6d000 rw-p 00000000 00:00 0 
7fd727f6d000-7fd727f72000 rw-p 023c3000 00:1323 4611686019135190040      /nix/store/gpxl5qgg8kicmcvivwmybwjlpf7wh20l-graalvm17-ce-22.3.0/lib/libjvmcicompiler.so
7fd728000000-7fd728021000 rw-p 00000000 00:00 0 
7fd728021000-7fd72c000000 ---p 00000000 00:00 0 
7fd72c000000-7fd72c021000 rw-p 00000000 00:00 0 
7fd72c021000-7fd730000000 ---p 00000000 00:00 0 
7fd730000000-7fd730021000 rw-p 00000000 00:00 0 
7fd730021000-7fd734000000 ---p 00000000 00:00 0 
7fd734000000-7fd734021000 rw-p 00000000 00:00 0 
7fd734021000-7fd738000000 ---p 00000000 00:00 0 
7fd738000000-7fd7380cf000 rw-p 00000000 00:00 0 
7fd7380cf000-7fd73c000000 ---p 00000000 00:00 0 
7fd73c000000-7fd73cb1b000 rw-p 00000000 00:00 0 
7fd73cb1b000-7fd740000000 ---p 00000000 00:00 0 
7fd740000000-7fd740021000 rw-p 00000000 00:00 0 
7fd740021000-7fd744000000 ---p 00000000 00:00 0 
7fd744000000-7fd744021000 rw-p 00000000 00:00 0 
7fd744021000-7fd748000000 ---p 00000000 00:00 0 
7fd748000000-7fd748021000 rw-p 00000000 00:00 0 
7fd748021000-7fd74c000000 ---p 00000000 00:00 0 
7fd74c000000-7fd74c021000 rw-p 00000000 00:00 0 
7fd74c021000-7fd750000000 ---p 00000000 00:00 0 
7fd750000000-7fd750021000 rw-p 00000000 00:00 0 
7fd750021000-7fd754000000 ---p 00000000 00:00 0 
7fd754000000-7fd754021000 rw-p 00000000 00:00 0 
7fd754021000-7fd758000000 ---p 00000000 00:00 0 
7fd758000000-7fd758120000 rw-p 00000000 00:00 0 
7fd758120000-7fd75c004000 ---p 00000000 00:00 0 
7fd75c004000-7fd75c100000 rw-p 00000000 00:00 0 
7fd75c100000-7fd75c104000 ---p 00000000 00:00 0 
7fd75c104000-7fd75c200000 rw-p 00000000 00:00 0 
7fd75c200000-7fd75c204000 ---p 00000000 00:00 0 
7fd75c204000-7fd75c300000 rw-p 00000000 00:00 0 
7fd75c400000-7fd75c404000 ---p 00000000 00:00 0 
7fd75c404000-7fd75c500000 rw-p 00000000 00:00 0 
7fd75c600000-7fd75c604000 ---p 00000000 00:00 0 
7fd75c604000-7fd75c700000 rw-p 00000000 00:00 0 
7fd75c800000-7fd75c804000 ---p 00000000 00:00 0 
7fd75c804000-7fd75c900000 rw-p 00000000 00:00 0 
7fd75c900000-7fd75c904000 ---p 00000000 00:00 0 
7fd75c904000-7fd75ca00000 rw-p 00000000 00:00 0 
7fd75ca00000-7fd75ca04000 ---p 00000000 00:00 0 
7fd75ca04000-7fd75cb00000 rw-p 00000000 00:00 0 
7fd75cb00000-7fd75cb04000 ---p 00000000 00:00 0 
7fd75cb04000-7fd75cc00000 rw-p 00000000 00:00 0 
7fd75cc00000-7fd75cc04000 ---p 00000000 00:00 0 
7fd75cc04000-7fd75cd00000 rw-p 00000000 00:00 0 
7fd75ce18000-7fd75ce19000 ---p 00000000 00:00 0 
7fd75ce19000-7fd75cf1a000 rw-p 00000000 00:00 0 
7fd75cf1a000-7fd75cf1e000 ---p 00000000 00:00 0 
7fd75cf1e000-7fd75d01a000 rw-p 00000000 00:00 0 
7fd75d01a000-7fd75d01e000 ---p 00000000 00:00 0 
7fd75d01e000-7fd75d11a000 rw-p 00000000 00:00 0 
7fd75d11a000-7fd75d11e000 ---p 00000000 00:00 0 
7fd75d11e000-7fd75d21a000 rw-p 00000000 00:00 0 
7fd75d21a000-7fd75d21e000 ---p 00000000 00:00 0 
7fd75d21e000-7fd75d41a000 rw-p 00000000 00:00 0 
7fd75d41a000-7fd75d41e000 ---p 00000000 00:00 0 
7fd75d41e000-7fd75d61a000 rw-p 00000000 00:00 0 
7fd75d61a000-7fd75d61e000 ---p 00000000 00:00 0 
7fd75d61e000-7fd75d71a000 rw-p 00000000 00:00 0 
7fd75d71a000-7fd75d71e000 ---p 00000000 00:00 0 
7fd75d71e000-7fd75d81a000 rw-p 00000000 00:00 0 
7fd75d81a000-7fd75d81e000 ---p 00000000 00:00 0 
7fd75d81e000-7fd75d91a000 rw-p 00000000 00:00 0 
7fd75d91a000-7fd75dc00000 r--p 00000000 00:12b5 28444448                 /usr/lib/locale/locale-archive
7fd75dc00000-7fd75dff0000 rw-p 00000000 00:00 0 
7fd75dff0000-7fd75e2f0000 rw-p 00000000 00:00 0 
7fd75e2f0000-7fd75e400000 rw-p 00000000 00:00 0 
7fd75e4b3000-7fd75f4b3000 rw-p 00000000 00:00 0 
7fd75f4b3000-7fd75f723000 rwxp 00000000 00:00 0 
7fd75f723000-7fd75fa42000 ---p 00000000 00:00 0 
7fd75fa42000-7fd760a22000 rwxp 00000000 00:00 0 
7fd760a22000-7fd766f7a000 ---p 00000000 00:00 0 
7fd766f7a000-7fd76721a000 rwxp 00000000 00:00 0 
7fd76721a000-7fd76e4b3000 ---p 00000000 00:00 0 
7fd76e4b3000-7fd778000000 r--s 00000000 00:1323 4611686019135192581      /nix/store/gpxl5qgg8kicmcvivwmybwjlpf7wh20l-graalvm17-ce-22.3.0/lib/modules
7fd778000000-7fd77860b000 rw-p 00000000 00:00 0 
7fd77860b000-7fd77c000000 ---p 00000000 00:00 0 
7fd77c03e000-7fd77c040000 r-xp 00000000 00:1323 4611686019135190017      /nix/store/gpxl5qgg8kicmcvivwmybwjlpf7wh20l-graalvm17-ce-22.3.0/lib/libextnet.so
7fd77c040000-7fd77c041000 r--p 00001000 00:1323 4611686019135190017      /nix/store/gpxl5qgg8kicmcvivwmybwjlpf7wh20l-graalvm17-ce-22.3.0/lib/libextnet.so
7fd77c041000-7fd77c042000 rw-p 00002000 00:1323 4611686019135190017      /nix/store/gpxl5qgg8kicmcvivwmybwjlpf7wh20l-graalvm17-ce-22.3.0/lib/libextnet.so
7fd77c042000-7fd77c043000 rw-p 00004000 00:1323 4611686019135190017      /nix/store/gpxl5qgg8kicmcvivwmybwjlpf7wh20l-graalvm17-ce-22.3.0/lib/libextnet.so
7fd77c043000-7fd77c047000 ---p 00000000 00:00 0 
7fd77c047000-7fd77c065000 rw-p 00000000 00:00 0 
7fd77c065000-7fd77c06c000 r-xp 00000000 00:1323 4611686019135192580      /nix/store/gpxl5qgg8kicmcvivwmybwjlpf7wh20l-graalvm17-ce-22.3.0/lib/libzip.so
7fd77c06c000-7fd77c06d000 ---p 00007000 00:1323 4611686019135192580      /nix/store/gpxl5qgg8kicmcvivwmybwjlpf7wh20l-graalvm17-ce-22.3.0/lib/libzip.so
7fd77c06d000-7fd77c06e000 r--p 00007000 00:1323 4611686019135192580      /nix/store/gpxl5qgg8kicmcvivwmybwjlpf7wh20l-graalvm17-ce-22.3.0/lib/libzip.so
7fd77c06e000-7fd77c06f000 rw-p 00008000 00:1323 4611686019135192580      /nix/store/gpxl5qgg8kicmcvivwmybwjlpf7wh20l-graalvm17-ce-22.3.0/lib/libzip.so
7fd77c06f000-7fd77c071000 rw-p 0000b000 00:1323 4611686019135192580      /nix/store/gpxl5qgg8kicmcvivwmybwjlpf7wh20l-graalvm17-ce-22.3.0/lib/libzip.so
7fd77c071000-7fd77c086000 r-xp 00000000 00:1323 4611686019135192570      /nix/store/gpxl5qgg8kicmcvivwmybwjlpf7wh20l-graalvm17-ce-22.3.0/lib/libnet.so
7fd77c086000-7fd77c087000 ---p 00015000 00:1323 4611686019135192570      /nix/store/gpxl5qgg8kicmcvivwmybwjlpf7wh20l-graalvm17-ce-22.3.0/lib/libnet.so
7fd77c087000-7fd77c088000 r--p 00015000 00:1323 4611686019135192570      /nix/store/gpxl5qgg8kicmcvivwmybwjlpf7wh20l-graalvm17-ce-22.3.0/lib/libnet.so
7fd77c088000-7fd77c089000 rw-p 00016000 00:1323 4611686019135192570      /nix/store/gpxl5qgg8kicmcvivwmybwjlpf7wh20l-graalvm17-ce-22.3.0/lib/libnet.so
7fd77c089000-7fd77c08c000 rw-p 0001b000 00:1323 4611686019135192570      /nix/store/gpxl5qgg8kicmcvivwmybwjlpf7wh20l-graalvm17-ce-22.3.0/lib/libnet.so
7fd77c08c000-7fd77c09f000 r-xp 00000000 00:1323 4611686019135192571      /nix/store/gpxl5qgg8kicmcvivwmybwjlpf7wh20l-graalvm17-ce-22.3.0/lib/libnio.so
7fd77c09f000-7fd77c0a0000 r--p 00012000 00:1323 4611686019135192571      /nix/store/gpxl5qgg8kicmcvivwmybwjlpf7wh20l-graalvm17-ce-22.3.0/lib/libnio.so
7fd77c0a0000-7fd77c0a1000 rw-p 00013000 00:1323 4611686019135192571      /nix/store/gpxl5qgg8kicmcvivwmybwjlpf7wh20l-graalvm17-ce-22.3.0/lib/libnio.so
7fd77c0a1000-7fd77c0a6000 rw-p 00019000 00:1323 4611686019135192571      /nix/store/gpxl5qgg8kicmcvivwmybwjlpf7wh20l-graalvm17-ce-22.3.0/lib/libnio.so
7fd77c0a6000-7fd77c0aa000 ---p 00000000 00:00 0 
7fd77c0aa000-7fd77c1a6000 rw-p 00000000 00:00 0 
7fd77c1a6000-7fd77c1aa000 ---p 00000000 00:00 0 
7fd77c1aa000-7fd77c2a6000 rw-p 00000000 00:00 0 
7fd77c2a6000-7fd77c2a7000 ---p 00000000 00:00 0 
7fd77c2a7000-7fd77c3a8000 rw-p 00000000 00:00 0 
7fd77c3a8000-7fd77c476000 r-xp 00000000 00:1323 4611686019135190036      /nix/store/gpxl5qgg8kicmcvivwmybwjlpf7wh20l-graalvm17-ce-22.3.0/lib/libjsvml.so
7fd77c476000-7fd77c477000 r--p 000cd000 00:1323 4611686019135190036      /nix/store/gpxl5qgg8kicmcvivwmybwjlpf7wh20l-graalvm17-ce-22.3.0/lib/libjsvml.so
7fd77c477000-7fd77c478000 rw-p 000ce000 00:1323 4611686019135190036      /nix/store/gpxl5qgg8kicmcvivwmybwjlpf7wh20l-graalvm17-ce-22.3.0/lib/libjsvml.so
7fd77c478000-7fd77cd50000 rw-p 00000000 00:00 0 
7fd77cd50000-7fd77cd51000 ---p 00000000 00:00 0 
7fd77cd51000-7fd77ced8000 rw-p 00000000 00:00 0 
7fd77ced8000-7fd77cf21000 rw-p 00000000 00:00 0 
7fd77cf21000-7fd77cf52000 ---p 00000000 00:00 0 
7fd77cf52000-7fd77cf59000 rw-p 00000000 00:00 0 
7fd77cf59000-7fd77d03e000 ---p 00000000 00:00 0 
7fd77d03e000-7fd77d05e000 rw-p 00000000 00:00 0 
7fd77d05e000-7fd77d129000 ---p 00000000 00:00 0 
7fd77d129000-7fd77d12e000 rw-p 00000000 00:00 0 
7fd77d12e000-7fd77d135000 ---p 00000000 00:00 0 
7fd77d135000-7fd77d159000 r-xp 00000000 00:1323 4611686019135190028      /nix/store/gpxl5qgg8kicmcvivwmybwjlpf7wh20l-graalvm17-ce-22.3.0/lib/libjava.so
7fd77d159000-7fd77d15a000 ---p 00024000 00:1323 4611686019135190028      /nix/store/gpxl5qgg8kicmcvivwmybwjlpf7wh20l-graalvm17-ce-22.3.0/lib/libjava.so
7fd77d15a000-7fd77d15b000 r--p 00024000 00:1323 4611686019135190028      /nix/store/gpxl5qgg8kicmcvivwmybwjlpf7wh20l-graalvm17-ce-22.3.0/lib/libjava.so
7fd77d15b000-7fd77d15c000 rw-p 00025000 00:1323 4611686019135190028      /nix/store/gpxl5qgg8kicmcvivwmybwjlpf7wh20l-graalvm17-ce-22.3.0/lib/libjava.so
7fd77d15c000-7fd77d15d000 rw-p 00000000 00:00 0 
7fd77d15d000-7fd77d164000 rw-p 0002f000 00:1323 4611686019135190028      /nix/store/gpxl5qgg8kicmcvivwmybwjlpf7wh20l-graalvm17-ce-22.3.0/lib/libjava.so
7fd77d164000-7fd77d16c000 rw-s 00000000 00:128c 381                      /tmp/hsperfdata_runner/47
7fd77d16c000-7fd77d16d000 ---p 00000000 00:00 0 
7fd77d16d000-7fd77d16e000 r--p 00000000 00:00 0 
7fd77d16e000-7fd77d16f000 rwxp 00000000 00:00 0 
7fd77d16f000-7fd77d18a000 r-xp 00000000 00:1323 4611686019135190032      /nix/store/gpxl5qgg8kicmcvivwmybwjlpf7wh20l-graalvm17-ce-22.3.0/lib/libjimage.so
7fd77d18a000-7fd77d18b000 ---p 0001b000 00:1323 4611686019135190032      /nix/store/gpxl5qgg8kicmcvivwmybwjlpf7wh20l-graalvm17-ce-22.3.0/lib/libjimage.so
7fd77d18b000-7fd77d18d000 r--p 0001b000 00:1323 4611686019135190032      /nix/store/gpxl5qgg8kicmcvivwmybwjlpf7wh20l-graalvm17-ce-22.3.0/lib/libjimage.so
7fd77d18d000-7fd77d18e000 rw-p 0001d000 00:1323 4611686019135190032      /nix/store/gpxl5qgg8kicmcvivwmybwjlpf7wh20l-graalvm17-ce-22.3.0/lib/libjimage.so
7fd77d18e000-7fd77d18f000 rw-p 00024000 00:1323 4611686019135190032      /nix/store/gpxl5qgg8kicmcvivwmybwjlpf7wh20l-graalvm17-ce-22.3.0/lib/libjimage.so
7fd77d18f000-7fd77d193000 ---p 00000000 00:00 0 
7fd77d193000-7fd77d28f000 rw-p 00000000 00:00 0 
7fd77d28f000-7fd77d29d000 r--p 00000000 00:1323 4611686019027979927      /nix/store/4nlgxhb09sdr51nc9hdm8az5b08vzkgx-glibc-2.35-163/lib/libm.so.6
7fd77d29d000-7fd77d310000 r-xp 0000e000 00:1323 4611686019027979927      /nix/store/4nlgxhb09sdr51nc9hdm8az5b08vzkgx-glibc-2.35-163/lib/libm.so.6
7fd77d310000-7fd77d36d000 r--p 00081000 00:1323 4611686019027979927      /nix/store/4nlgxhb09sdr51nc9hdm8az5b08vzkgx-glibc-2.35-163/lib/libm.so.6
7fd77d36d000-7fd77d36e000 r--p 000dd000 00:1323 4611686019027979927      /nix/store/4nlgxhb09sdr51nc9hdm8az5b08vzkgx-glibc-2.35-163/lib/libm.so.6
7fd77d36e000-7fd77d36f000 rw-p 000de000 00:1323 4611686019027979927      /nix/store/4nlgxhb09sdr51nc9hdm8az5b08vzkgx-glibc-2.35-163/lib/libm.so.6
7fd77d36f000-7fd77d370000 r--p 00000000 00:1323 4611686019027979946      /nix/store/4nlgxhb09sdr51nc9hdm8az5b08vzkgx-glibc-2.35-163/lib/librt.so.1
7fd77d370000-7fd77d371000 r-xp 00001000 00:1323 4611686019027979946      /nix/store/4nlgxhb09sdr51nc9hdm8az5b08vzkgx-glibc-2.35-163/lib/librt.so.1
7fd77d371000-7fd77d372000 r--p 00002000 00:1323 4611686019027979946      /nix/store/4nlgxhb09sdr51nc9hdm8az5b08vzkgx-glibc-2.35-163/lib/librt.so.1
7fd77d372000-7fd77d373000 r--p 00002000 00:1323 4611686019027979946      /nix/store/4nlgxhb09sdr51nc9hdm8az5b08vzkgx-glibc-2.35-163/lib/librt.so.1
7fd77d373000-7fd77d374000 rw-p 00003000 00:1323 4611686019027979946      /nix/store/4nlgxhb09sdr51nc9hdm8az5b08vzkgx-glibc-2.35-163/lib/librt.so.1
7fd77d374000-7fd77e487000 r-xp 00000000 00:1323 4611686019135360866      /nix/store/gpxl5qgg8kicmcvivwmybwjlpf7wh20l-graalvm17-ce-22.3.0/lib/server/libjvm.so
7fd77e487000-7fd77e488000 ---p 01113000 00:1323 4611686019135360866      /nix/store/gpxl5qgg8kicmcvivwmybwjlpf7wh20l-graalvm17-ce-22.3.0/lib/server/libjvm.so
7fd77e488000-7fd77e53d000 r--p 01113000 00:1323 4611686019135360866      /nix/store/gpxl5qgg8kicmcvivwmybwjlpf7wh20l-graalvm17-ce-22.3.0/lib/server/libjvm.so
7fd77e53d000-7fd77e571000 rw-p 011c8000 00:1323 4611686019135360866      /nix/store/gpxl5qgg8kicmcvivwmybwjlpf7wh20l-graalvm17-ce-22.3.0/lib/server/libjvm.so
7fd77e571000-7fd77e5cd000 rw-p 00000000 00:00 0 
7fd77e5cd000-7fd77e5f5000 r--p 00000000 00:1323 4611686019027979918      /nix/store/4nlgxhb09sdr51nc9hdm8az5b08vzkgx-glibc-2.35-163/lib/libc.so.6
7fd77e5f5000-7fd77e76b000 r-xp 00028000 00:1323 4611686019027979918      /nix/store/4nlgxhb09sdr51nc9hdm8az5b08vzkgx-glibc-2.35-163/lib/libc.so.6
7fd77e76b000-7fd77e7c3000 r--p 0019e000 00:1323 4611686019027979918      /nix/store/4nlgxhb09sdr51nc9hdm8az5b08vzkgx-glibc-2.35-163/lib/libc.so.6
7fd77e7c3000-7fd77e7c7000 r--p 001f6000 00:1323 4611686019027979918      /nix/store/4nlgxhb09sdr51nc9hdm8az5b08vzkgx-glibc-2.35-163/lib/libc.so.6
7fd77e7c7000-7fd77e7c9000 rw-p 001fa000 00:1323 4611686019027979918      /nix/store/4nlgxhb09sdr51nc9hdm8az5b08vzkgx-glibc-2.35-163/lib/libc.so.6
7fd77e7c9000-7fd77e7d8000 rw-p 00000000 00:00 0 
7fd77e7d8000-7fd77e7d9000 r--p 00000000 00:1323 4611686019027979923      /nix/store/4nlgxhb09sdr51nc9hdm8az5b08vzkgx-glibc-2.35-163/lib/libdl.so.2
7fd77e7d9000-7fd77e7da000 r-xp 00001000 00:1323 4611686019027979923      /nix/store/4nlgxhb09sdr51nc9hdm8az5b08vzkgx-glibc-2.35-163/lib/libdl.so.2
7fd77e7da000-7fd77e7db000 r--p 00002000 00:1323 4611686019027979923      /nix/store/4nlgxhb09sdr51nc9hdm8az5b08vzkgx-glibc-2.35-163/lib/libdl.so.2
7fd77e7db000-7fd77e7dc000 r--p 00002000 00:1323 4611686019027979923      /nix/store/4nlgxhb09sdr51nc9hdm8az5b08vzkgx-glibc-2.35-163/lib/libdl.so.2
7fd77e7dc000-7fd77e7dd000 rw-p 00003000 00:1323 4611686019027979923      /nix/store/4nlgxhb09sdr51nc9hdm8az5b08vzkgx-glibc-2.35-163/lib/libdl.so.2
7fd77e7dd000-7fd77e7de000 r--p 00000000 00:1323 4611686019027979942      /nix/store/4nlgxhb09sdr51nc9hdm8az5b08vzkgx-glibc-2.35-163/lib/libpthread.so.0
7fd77e7de000-7fd77e7df000 r-xp 00001000 00:1323 4611686019027979942      /nix/store/4nlgxhb09sdr51nc9hdm8az5b08vzkgx-glibc-2.35-163/lib/libpthread.so.0
7fd77e7df000-7fd77e7e0000 r--p 00002000 00:1323 4611686019027979942      /nix/store/4nlgxhb09sdr51nc9hdm8az5b08vzkgx-glibc-2.35-163/lib/libpthread.so.0
7fd77e7e0000-7fd77e7e1000 r--p 00002000 00:1323 4611686019027979942      /nix/store/4nlgxhb09sdr51nc9hdm8az5b08vzkgx-glibc-2.35-163/lib/libpthread.so.0
7fd77e7e1000-7fd77e7e2000 rw-p 00003000 00:1323 4611686019027979942      /nix/store/4nlgxhb09sdr51nc9hdm8az5b08vzkgx-glibc-2.35-163/lib/libpthread.so.0
7fd77e7e2000-7fd77e7f0000 r-xp 00000000 00:1323 4611686019135190033      /nix/store/gpxl5qgg8kicmcvivwmybwjlpf7wh20l-graalvm17-ce-22.3.0/lib/libjli.so
7fd77e7f0000-7fd77e7f1000 ---p 0000e000 00:1323 4611686019135190033      /nix/store/gpxl5qgg8kicmcvivwmybwjlpf7wh20l-graalvm17-ce-22.3.0/lib/libjli.so
7fd77e7f1000-7fd77e7f2000 r--p 0000e000 00:1323 4611686019135190033      /nix/store/gpxl5qgg8kicmcvivwmybwjlpf7wh20l-graalvm17-ce-22.3.0/lib/libjli.so
7fd77e7f2000-7fd77e7f3000 rw-p 0000f000 00:1323 4611686019135190033      /nix/store/gpxl5qgg8kicmcvivwmybwjlpf7wh20l-graalvm17-ce-22.3.0/lib/libjli.so
7fd77e7f3000-7fd77e7f4000 rw-p 00012000 00:1323 4611686019135190033      /nix/store/gpxl5qgg8kicmcvivwmybwjlpf7wh20l-graalvm17-ce-22.3.0/lib/libjli.so
7fd77e7f4000-7fd77e7f7000 r--p 00000000 00:1323 4611686019106210071      /nix/store/026hln0aq1hyshaxsdvhg0kmcm6yf45r-zlib-1.2.13/lib/libz.so.1.2.13
7fd77e7f7000-7fd77e809000 r-xp 00003000 00:1323 4611686019106210071      /nix/store/026hln0aq1hyshaxsdvhg0kmcm6yf45r-zlib-1.2.13/lib/libz.so.1.2.13
7fd77e809000-7fd77e810000 r--p 00015000 00:1323 4611686019106210071      /nix/store/026hln0aq1hyshaxsdvhg0kmcm6yf45r-zlib-1.2.13/lib/libz.so.1.2.13
7fd77e810000-7fd77e811000 r--p 0001b000 00:1323 4611686019106210071      /nix/store/026hln0aq1hyshaxsdvhg0kmcm6yf45r-zlib-1.2.13/lib/libz.so.1.2.13
7fd77e811000-7fd77e812000 rw-p 0001c000 00:1323 4611686019106210071      /nix/store/026hln0aq1hyshaxsdvhg0kmcm6yf45r-zlib-1.2.13/lib/libz.so.1.2.13
7fd77e812000-7fd77e814000 rw-p 00000000 00:00 0 
7fd77e814000-7fd77e816000 r--p 00000000 00:1323 4611686019027979912      /nix/store/4nlgxhb09sdr51nc9hdm8az5b08vzkgx-glibc-2.35-163/lib/ld-linux-x86-64.so.2
7fd77e816000-7fd77e83d000 r-xp 00002000 00:1323 4611686019027979912      /nix/store/4nlgxhb09sdr51nc9hdm8az5b08vzkgx-glibc-2.35-163/lib/ld-linux-x86-64.so.2
7fd77e83d000-7fd77e849000 r--p 00029000 00:1323 4611686019027979912      /nix/store/4nlgxhb09sdr51nc9hdm8az5b08vzkgx-glibc-2.35-163/lib/ld-linux-x86-64.so.2
7fd77e849000-7fd77e84b000 r--p 00034000 00:1323 4611686019027979912      /nix/store/4nlgxhb09sdr51nc9hdm8az5b08vzkgx-glibc-2.35-163/lib/ld-linux-x86-64.so.2
7fd77e84b000-7fd77e84d000 rw-p 00036000 00:1323 4611686019027979912      /nix/store/4nlgxhb09sdr51nc9hdm8az5b08vzkgx-glibc-2.35-163/lib/ld-linux-x86-64.so.2
7ffcfa752000-7ffcfa776000 rw-p 00000000 00:00 0                          [stack]
7ffcfa7d7000-7ffcfa7db000 r--p 00000000 00:00 0                          [vvar]
7ffcfa7db000-7ffcfa7dd000 r-xp 00000000 00:00 0                          [vdso]
ffffffffff600000-ffffffffff601000 --xp 00000000 00:00 0                  [vsyscall]


VM Arguments:
jvm_args: -XX:ThreadPriorityPolicy=1 -XX:+UnlockExperimentalVMOptions -XX:+EnableJVMCIProduct -XX:JVMCIThreadsPerNativeLibraryRuntime=1 -XX:-UnlockExperimentalVMOptions -Declipse.application=org.eclipse.jdt.ls.core.id1 -Dosgi.bundles.defaultStartLevel=4 -Declipse.product=org.eclipse.jdt.ls.core.product -Dlog.level=ALL -Xverify:none -XX:+UseParallelGC -XX:GCTimeRatio=4 -XX:AdaptiveSizePolicyWeight=90 -Dsun.zip.disableMemoryMapping=true -Xmx512m -Xms100m 
java_command: /nix/store/m6gcpi1ii6rghy04cjwjddcavv7i90df-jdt-language-server-1.9.0/share/java/plugins/org.eclipse.equinox.launcher_1.6.400.v20210924-0641.jar --add-modules=ALL-SYSTEM --add-opens java.base/java.util=ALL-UNNAMED --add-opens java.base/java.lang=ALL-UNNAMED -configuration /home/runner/.cache/jdt-language-server/config -data /home/runner/.cache/jdt-language-server/data/home/runner/Mr-Denning
java_class_path (initial): /nix/store/m6gcpi1ii6rghy04cjwjddcavv7i90df-jdt-language-server-1.9.0/share/java/plugins/org.eclipse.equinox.launcher_1.6.400.v20210924-0641.jar
Launcher Type: SUN_STANDARD

[Global flags]
    uintx AdaptiveSizePolicyWeight                 = 90                                        {product} {command line}
     intx CICompilerCount                          = 2                                         {product} {ergonomic}
     bool EnableJVMCIProduct                       = true                                {JVMCI product} {jimage}
    uintx GCTimeRatio                              = 4                                         {product} {command line}
   size_t InitialHeapSize                          = 104857600                                 {product} {command line}
     uint JVMCIThreadsPerNativeLibraryRuntime      = 1                                   {JVMCI product} {jimage}
   size_t MaxHeapSize                              = 536870912                                 {product} {command line}
   size_t MaxNewSize                               = 178782208                                 {product} {ergonomic}
   size_t MinHeapDeltaBytes                        = 524288                                    {product} {ergonomic}
   size_t MinHeapSize                              = 104857600                                 {product} {command line}
   size_t NewSize                                  = 34603008                                  {product} {ergonomic}
    uintx NonNMethodCodeHeapSize                   = 5826188                                {pd product} {ergonomic}
    uintx NonProfiledCodeHeapSize                  = 122916026                              {pd product} {ergonomic}
   size_t OldSize                                  = 70254592                                  {product} {ergonomic}
    uintx ProfiledCodeHeapSize                     = 122916026                              {pd product} {ergonomic}
    uintx ReservedCodeCacheSize                    = 251658240                              {pd product} {ergonomic}
     bool SegmentedCodeCache                       = true                                      {product} {ergonomic}
   size_t SoftMaxHeapSize                          = 536870912                              {manageable} {ergonomic}
     intx ThreadPriorityPolicy                     = 1                                         {product} {jimage}
     bool UseCompressedClassPointers               = true                           {product lp64_product} {ergonomic}
     bool UseCompressedOops                        = true                           {product lp64_product} {ergonomic}
     bool UseParallelGC                            = true                                      {product} {command line}

Logging:
Log output configuration:
 #0: stdout all=warning uptime,level,tags
 #1: stderr all=off uptime,level,tags

Environment Variables:
JAVA_HOME=/nix/store/gpxl5qgg8kicmcvivwmybwjlpf7wh20l-graalvm17-ce-22.3.0
PATH=/nix/store/1d6ian3r8kdzspw8hacjhl3xkp40g1lj-binutils-wrapper-2.39/bin:/nix/store/dq0xwmsk1g0i2ayg6pb7y87na2knzylh-gcc-wrapper-11.3.0/bin:/nix/store/bap4d0lpcrhpwmpb8ayjcgkmvfj62lnq-bash-interactive-5.1-p16/bin:/nix/store/pr5n59mb4jzmfx6kanwxly0l07p861fg-patchelf-0.15.0/bin:/nix/store/1gf2flfqnpqbr1b4p4qz2f72y42bs56r-gcc-11.3.0/bin:/nix/store/57xv61c5zi8pphjbcwxxjlgc34p61ic9-glibc-2.35-163-bin/bin:/nix/store/a7gvj343m05j2s32xcnwr35v31ynlypr-coreutils-9.1/bin:/nix/store/039g378vc3pc3dvi9dzdlrd0i4q93qwf-binutils-2.39/bin:/nix/store/gpxl5qgg8kicmcvivwmybwjlpf7wh20l-graalvm17-ce-22.3.0/bin:/nix/store/6z9ag3ihc8mq2hzsw48lhbznvzny65nz-apache-maven-3.8.6/bin:/nix/store/m6gcpi1ii6rghy04cjwjddcavv7i90df-jdt-language-server-1.9.0/bin:/nix/store/84xs5alhs01zrbr4ywm05kxbjbp5590l-java-debug/bin:/nix/store/mydc6f4k2z73xlcz7ilif3v2lcaiqvza-findutils-4.9.0/bin:/nix/store/j9p3g8472iijd50vhdprx0nmk2fqn5gv-diffutils-3.8/bin:/nix/store/89zs7rms6x00xfq4dq6m7mjnhkr8a6r4-gnused-4.8/bin:/nix/store/86bp03jkmsl6f92w0yzg4s59g5mhxwmy-gnugrep-3.7/bin:/nix/store/hwcdqw4jrjnd37wxqgsd47hd0j8bnj09-gawk-5.1.1/bin:/nix/store/cfbhw8r8ags41vwqaz47r583d0p4h4a1-gnutar-1.34/bin:/nix/store/p3m1ndl1lapwrlh698bnb5lvvxh67378-gzip-1.12/bin:/nix/store/a8mhcagrsly7c7mpjrpsnaahk4aax056-bzip2-1.0.8-bin/bin:/nix/store/mblgz65m3zv9x548a3d5m96fj2pbwr09-gnumake-4.3/bin:/nix/store/dsd5gz46hdbdk2rfdimqddhq6m8m8fqs-bash-5.1-p16/bin:/nix/store/v7ljksji50mg3w61dykaa3n3y79n6nil-patch-2.7.6/bin:/nix/store/zlcnmqq14jz5x9439jf937mvayyl63da-xz-5.2.7-bin/bin:/nix/store/y6aj732zm9m87c82fpvf103a1xb22blp-file-5.43/bin:/nix/store/i4kzir3m7mrisxmf5xvlnkw01x4qaqr4-prybar-elisp-0.0.0-e0d9a52/bin:/nix/store/lwwivxf6h7x3cvxp9zv8sj0mv7dak99r-prybar-lua-0.0.0-e0d9a52/bin:/nix/store/gxj28g1cg4hq3qanmjv07156h800qr58-prybar-python3-0.0.0-e0d9a52/bin:/nix/store/hshkjnxrgidigf8x75vg6lqng2xlx9i3-prybar-sqlite-0.0.0-e0d9a52/bin:/nix/store/c4w01bpjgyy5ixmwdk8m1pw87zq4sl26-prybar-tcl-0.0.0-e0d9a52/bin:/nix/store/hpbvrlwd5viqmvcaisb3x0118i913a9n-st
LD_LIBRARY_PATH=/nix/store/a4pff549sk2idnkpzk5nsfps3mdkdnvm-cups-2.4.2-lib/lib:/nix/store/72mqxxhh3cy5yifh92wh2yb8cl2hikyy-cairo-1.16.0/lib:/nix/store/2k366jrbsra97gjfxwvrhvixjfxdach5-glib-2.74.1/lib:/nix/store/2j2znigd8ak37rlwh9khz0ry3clqlw1l-gtk+3-3.24.34/lib:/nix/store/hisqvx32cd57apbpcsnkpx6k3549wql1-libglvnd-1.4.0/lib:/nix/store/p36pgcv991mq5srvg765b78yqpxvk3qs-mesa-21.3.3-drivers/lib:/nix/store/mav4251if1ahjq5vkpwycyyvnmy459c4-pulseaudio-14.2/lib
DISPLAY=:0
LANG=en_US.UTF-8

Signal Handlers:
   SIGSEGV: crash_handler in libjvm.so, mask=11100100010111111101111111111110, flags=SA_RESTART|SA_SIGINFO
    SIGBUS: crash_handler in libjvm.so, mask=11100100010111111101111111111110, flags=SA_RESTART|SA_SIGINFO
    SIGFPE: crash_handler in libjvm.so, mask=11100100010111111101111111111110, flags=SA_RESTART|SA_SIGINFO
   SIGPIPE: IsolateEnterStub_IgnoreSIGPIPEStartupHook_noopSignalHandler_8f19bff2f35b5f630d83b364d6b2339320d4ec70_216e8361c6bc87a8f89f58cc10d3b2fd4415bf87 in libjvmcicompiler.so, mask=00000000000000000000000000000000, flags=SA_RESTART
  *** Handler was modified!
  *** Expected: javaSignalHandler in libjvm.so, mask=11100100110111111111111111111110, flags=SA_RESTART|SA_SIGINFO
   SIGXFSZ: javaSignalHandler in libjvm.so, mask=11100100010111111101111111111110, flags=SA_RESTART|SA_SIGINFO
    SIGILL: crash_handler in libjvm.so, mask=11100100010111111101111111111110, flags=SA_RESTART|SA_SIGINFO
   SIGUSR2: SR_handler in libjvm.so, mask=00000000000000000000000000000000, flags=SA_RESTART|SA_SIGINFO
    SIGHUP: UserHandler in libjvm.so, mask=11100100010111111101111111111110, flags=SA_RESTART|SA_SIGINFO
    SIGINT: UserHandler in libjvm.so, mask=11100100010111111101111111111110, flags=SA_RESTART|SA_SIGINFO
   SIGTERM: UserHandler in libjvm.so, mask=11100100010111111101111111111110, flags=SA_RESTART|SA_SIGINFO
   SIGQUIT: UserHandler in libjvm.so, mask=11100100010111111101111111111110, flags=SA_RESTART|SA_SIGINFO
  *** Handler was modified!
  *** Expected: javaSignalHandler in libjvm.so, mask=11100100110111111111111111111110, flags=SA_RESTART|SA_SIGINFO
   SIGTRAP: crash_handler in libjvm.so, mask=11100100010111111101111111111110, flags=SA_RESTART|SA_SIGINFO


---------------  S Y S T E M  ---------------

OS:
DISTRIB_ID=Ubuntu
DISTRIB_RELEASE=20.04
DISTRIB_CODENAME=focal
DISTRIB_DESCRIPTION="Ubuntu 20.04.2 LTS"
uname: Linux 6.2.0-1011-gcp #11~22.04.1-Ubuntu SMP Wed Aug  2 05:19:58 UTC 2023 x86_64
OS uptime: 0 days 8:52 hours
libc: glibc 2.35 NPTL 2.35 
rlimit (soft/hard): STACK 8192k/infinity , CORE infinity/infinity , NPROC infinity/infinity , NOFILE 5242/5242 , AS infinity/infinity , CPU infinity/infinity , DATA infinity/infinity , FSIZE infinity/infinity , MEMLOCK 8192k/8192k
load average: 14.25 24.84 31.38

/proc/meminfo:
MemTotal:       65835948 kB
MemFree:        30282068 kB
MemAvailable:   39414972 kB
Buffers:          433164 kB
Cached:          8248804 kB
SwapCached:            0 kB
Active:          4692296 kB
Inactive:       28212940 kB
Active(anon):      22764 kB
Inactive(anon): 23974964 kB
Active(file):    4669532 kB
Inactive(file):  4237976 kB
Unevictable:       28256 kB
Mlocked:           28256 kB
SwapTotal:             0 kB
SwapFree:              0 kB
Zswap:                 0 kB
Zswapped:              0 kB
Dirty:              4720 kB
Writeback:            96 kB
AnonPages:      22965804 kB
Mapped:          1301016 kB
Shmem:             17016 kB
KReclaimable:    1181224 kB
Slab:            1784864 kB
SReclaimable:    1181224 kB
SUnreclaim:       603640 kB
KernelStack:      195484 kB
PageTables:       285116 kB
SecPageTables:         0 kB
NFS_Unstable:          0 kB
Bounce:                0 kB
WritebackTmp:          0 kB
CommitLimit:    32917972 kB
Committed_AS:   76854820 kB
VmallocTotal:   34359738367 kB
VmallocUsed:      226332 kB
VmallocChunk:          0 kB
Percpu:            30400 kB
HardwareCorrupted:     0 kB
AnonHugePages:   2430976 kB
ShmemHugePages:        0 kB
ShmemPmdMapped:        0 kB
FileHugePages:         0 kB
FilePmdMapped:         0 kB
HugePages_Total:       0
HugePages_Free:        0
HugePages_Rsvd:        0
HugePages_Surp:        0
Hugepagesize:       2048 kB
Hugetlb:               0 kB
DirectMap4k:     1135416 kB
DirectMap2M:    61775872 kB
DirectMap1G:     6291456 kB

/sys/kernel/mm/transparent_hugepage/enabled: always [madvise] never
/sys/kernel/mm/transparent_hugepage/defrag (defrag/compaction efforts parameter): always defer defer+madvise [madvise] never

Process Memory:
Virtual Size: 5121112K (peak: 5204796K)
Resident Set Size: 775036K (peak: 814744K) (anon: 577644K, file: 197392K, shmem: 0K)
Swapped out: 0K
C-Heap outstanding allocations: 44160K, retained: 16695K
glibc malloc tunables: (default)

/proc/sys/kernel/threads-max (system-wide limit on the number of threads): 514277
/proc/sys/vm/max_map_count (maximum number of memory map areas a process may have): 65530
/proc/sys/kernel/pid_max (system-wide limit on number of process identifiers): 4194304

container (cgroup) information:
container_type: cgroupv1
cpu_cpuset_cpus: 2-7
cpu_memory_nodes: 0
active_processor_count: 1
cpu_quota: 50000
cpu_period: 100000
cpu_shares: 512
memory_limit_in_bytes: 1048576 k
memory_and_swap_limit_in_bytes: 1048576 k
memory_soft_limit_in_bytes: 524288 k
memory_usage_in_bytes: 1016332 k
memory_max_usage_in_bytes: 1048584 k
maximum number of tasks: 1000
current number of tasks: 46

KVM virtualization detected
Steal ticks since vm start: 224
Steal ticks percentage since vm start:  0.001

CPU: total 8 (initial active 1) (4 cores per cpu, 2 threads per core) family 6 model 79 stepping 0 microcode 0xffffffff, cx8, cmov, fxsr, ht, mmx, 3dnowpref, sse, sse2, sse3, ssse3, sse4.1, sse4.2, popcnt, lzcnt, tsc, tscinvbit, avx, avx2, aes, erms, clmul, bmi1, bmi2, rtm, adx, fma, vzeroupper, clflush, hv
CPU Model and flags from /proc/cpuinfo:
model name	: Intel(R) Xeon(R) CPU @ 2.20GHz
flags		: fpu vme de pse tsc msr pae mce cx8 apic sep mtrr pge mca cmov pat pse36 clflush mmx fxsr sse sse2 ss ht syscall nx pdpe1gb rdtscp lm constant_tsc rep_good nopl xtopology nonstop_tsc cpuid tsc_known_freq pni pclmulqdq ssse3 fma cx16 pcid sse4_1 sse4_2 x2apic movbe popcnt aes xsave avx f16c rdrand hypervisor lahf_lm abm 3dnowprefetch invpcid_single pti ssbd ibrs ibpb stibp fsgsbase tsc_adjust bmi1 hle avx2 smep bmi2 erms invpcid rtm rdseed adx smap xsaveopt arat md_clear arch_capabilities

Online cpus: 0-7
Offline cpus: 
BIOS frequency limitation: <Not Available>
Frequency switch latency (ns): <Not Available>
Available cpu frequencies: <Not Available>
Current governor: <Not Available>
Core performance/turbo boost: <Not Available>

Memory: 4k page, physical 1048576k(32240k free), swap 0k(0k free)
Page Sizes: 4k

vm_info: OpenJDK 64-Bit Server VM (17.0.5+8-jvmci-22.3-b08) for linux-amd64 JRE (17.0.5+8-jvmci-22.3-b08), built on Oct 19 2022 09:01:27 by "buildslave" with gcc 10.3.0

END.
